INFO:aiogram:Bot: Moex_security_bot [@Moex_security_bot]
INFO:aiogram.dispatcher.dispatcher:Start polling.
INFO:root:user_id=448946832 user_full_name='alex' , Sun Jan  8 19:26:26 2023 
ERROR:asyncio:Task exception was never retrieved
future: <Task finished name='Task-13' coro=<Dispatcher._process_polling_updates() done, defined at D:\python\moex\Moex-bot\venv\Lib\site-packages\aiogram\dispatcher\dispatcher.py:407> exception=ValueError("invalid literal for int() with base 10: 'Sber'")>
Traceback (most recent call last):
  File "D:\python\moex\Moex-bot\venv\Lib\site-packages\aiogram\dispatcher\dispatcher.py", line 415, in _process_polling_updates
    for responses in itertools.chain.from_iterable(await self.process_updates(updates, fast)):
                                                   ^^^^^^^^^^^^^^^^^^^^^^^^^^^^^^^^^^^^^^^^^
  File "D:\python\moex\Moex-bot\venv\Lib\site-packages\aiogram\dispatcher\dispatcher.py", line 235, in process_updates
    return await asyncio.gather(*tasks)
           ^^^^^^^^^^^^^^^^^^^^^^^^^^^^
  File "D:\python\moex\Moex-bot\venv\Lib\site-packages\aiogram\dispatcher\handler.py", line 117, in notify
    response = await handler_obj.handler(*args, **partial_data)
               ^^^^^^^^^^^^^^^^^^^^^^^^^^^^^^^^^^^^^^^^^^^^^^^^
  File "D:\python\moex\Moex-bot\venv\Lib\site-packages\aiogram\dispatcher\dispatcher.py", line 256, in process_update
    return await self.message_handlers.notify(update.message)
           ^^^^^^^^^^^^^^^^^^^^^^^^^^^^^^^^^^^^^^^^^^^^^^^^^^
  File "D:\python\moex\Moex-bot\venv\Lib\site-packages\aiogram\dispatcher\handler.py", line 108, in notify
    data.update(await check_filters(handler_obj.filters, args))
                ^^^^^^^^^^^^^^^^^^^^^^^^^^^^^^^^^^^^^^^^^^^^^^
  File "D:\python\moex\Moex-bot\venv\Lib\site-packages\aiogram\dispatcher\filters\filters.py", line 77, in check_filters
    f = await execute_filter(filter_, args)
        ^^^^^^^^^^^^^^^^^^^^^^^^^^^^^^^^^^^
  File "D:\python\moex\Moex-bot\venv\Lib\site-packages\aiogram\dispatcher\filters\filters.py", line 63, in execute_filter
    return filter_.filter(*args, **filter_.kwargs)
           ^^^^^^^^^^^^^^^^^^^^^^^^^^^^^^^^^^^^^^^
  File "d:\python\moex\Moex-bot\moex1.py", line 41, in <lambda>
    @dp.message_handler(lambda message: int(message.text) not in tickers_list)
                                        ^^^^^^^^^^^^^^^^^
ValueError: invalid literal for int() with base 10: 'Sber'
INFO:aiogram:Bot: Moex_security_bot [@Moex_security_bot]
INFO:aiogram.dispatcher.dispatcher:Start polling.
INFO:aiogram:Bot: Moex_security_bot [@Moex_security_bot]
INFO:aiogram.dispatcher.dispatcher:Start polling.
ERROR:aiogram.dispatcher.dispatcher:Cause exception while getting updates.
Traceback (most recent call last):
  File "D:\python\moex\Moex-bot\venv\Lib\site-packages\aiogram\dispatcher\dispatcher.py", line 381, in start_polling
    updates = await self.bot.get_updates(
              ^^^^^^^^^^^^^^^^^^^^^^^^^^^
  File "D:\python\moex\Moex-bot\venv\Lib\site-packages\aiogram\bot\bot.py", line 110, in get_updates
    result = await self.request(api.Methods.GET_UPDATES, payload)
             ^^^^^^^^^^^^^^^^^^^^^^^^^^^^^^^^^^^^^^^^^^^^^^^^^^^^
  File "D:\python\moex\Moex-bot\venv\Lib\site-packages\aiogram\bot\base.py", line 236, in request
    return await api.make_request(await self.get_session(), self.server, self.__token, method, data, files,
           ^^^^^^^^^^^^^^^^^^^^^^^^^^^^^^^^^^^^^^^^^^^^^^^^^^^^^^^^^^^^^^^^^^^^^^^^^^^^^^^^^^^^^^^^^^^^^^^^
  File "D:\python\moex\Moex-bot\venv\Lib\site-packages\aiogram\bot\api.py", line 140, in make_request
    return check_result(method, response.content_type, response.status, await response.text())
           ^^^^^^^^^^^^^^^^^^^^^^^^^^^^^^^^^^^^^^^^^^^^^^^^^^^^^^^^^^^^^^^^^^^^^^^^^^^^^^^^^^^
  File "D:\python\moex\Moex-bot\venv\Lib\site-packages\aiogram\bot\api.py", line 119, in check_result
    exceptions.ConflictError.detect(description)
  File "D:\python\moex\Moex-bot\venv\Lib\site-packages\aiogram\utils\exceptions.py", line 140, in detect
    raise err(cls.text or description)
aiogram.utils.exceptions.TerminatedByOtherGetUpdates: Terminated by other getupdates request; make sure that only one bot instance is running
ERROR:aiogram.dispatcher.dispatcher:Cause exception while getting updates.
Traceback (most recent call last):
  File "d:\python\moex\Moex-bot\venv\Lib\site-packages\aiogram\dispatcher\dispatcher.py", line 381, in start_polling
    updates = await self.bot.get_updates(
              ^^^^^^^^^^^^^^^^^^^^^^^^^^^
  File "d:\python\moex\Moex-bot\venv\Lib\site-packages\aiogram\bot\bot.py", line 110, in get_updates
    result = await self.request(api.Methods.GET_UPDATES, payload)
             ^^^^^^^^^^^^^^^^^^^^^^^^^^^^^^^^^^^^^^^^^^^^^^^^^^^^
  File "d:\python\moex\Moex-bot\venv\Lib\site-packages\aiogram\bot\base.py", line 236, in request
    return await api.make_request(await self.get_session(), self.server, self.__token, method, data, files,
           ^^^^^^^^^^^^^^^^^^^^^^^^^^^^^^^^^^^^^^^^^^^^^^^^^^^^^^^^^^^^^^^^^^^^^^^^^^^^^^^^^^^^^^^^^^^^^^^^
  File "d:\python\moex\Moex-bot\venv\Lib\site-packages\aiogram\bot\api.py", line 140, in make_request
    return check_result(method, response.content_type, response.status, await response.text())
           ^^^^^^^^^^^^^^^^^^^^^^^^^^^^^^^^^^^^^^^^^^^^^^^^^^^^^^^^^^^^^^^^^^^^^^^^^^^^^^^^^^^
  File "d:\python\moex\Moex-bot\venv\Lib\site-packages\aiogram\bot\api.py", line 119, in check_result
    exceptions.ConflictError.detect(description)
  File "d:\python\moex\Moex-bot\venv\Lib\site-packages\aiogram\utils\exceptions.py", line 140, in detect
    raise err(cls.text or description)
aiogram.utils.exceptions.TerminatedByOtherGetUpdates: Terminated by other getupdates request; make sure that only one bot instance is running
ERROR:aiogram.dispatcher.dispatcher:Cause exception while getting updates.
Traceback (most recent call last):
  File "D:\python\moex\Moex-bot\venv\Lib\site-packages\aiogram\dispatcher\dispatcher.py", line 381, in start_polling
    updates = await self.bot.get_updates(
              ^^^^^^^^^^^^^^^^^^^^^^^^^^^
  File "D:\python\moex\Moex-bot\venv\Lib\site-packages\aiogram\bot\bot.py", line 110, in get_updates
    result = await self.request(api.Methods.GET_UPDATES, payload)
             ^^^^^^^^^^^^^^^^^^^^^^^^^^^^^^^^^^^^^^^^^^^^^^^^^^^^
  File "D:\python\moex\Moex-bot\venv\Lib\site-packages\aiogram\bot\base.py", line 236, in request
    return await api.make_request(await self.get_session(), self.server, self.__token, method, data, files,
           ^^^^^^^^^^^^^^^^^^^^^^^^^^^^^^^^^^^^^^^^^^^^^^^^^^^^^^^^^^^^^^^^^^^^^^^^^^^^^^^^^^^^^^^^^^^^^^^^
  File "D:\python\moex\Moex-bot\venv\Lib\site-packages\aiogram\bot\api.py", line 140, in make_request
    return check_result(method, response.content_type, response.status, await response.text())
           ^^^^^^^^^^^^^^^^^^^^^^^^^^^^^^^^^^^^^^^^^^^^^^^^^^^^^^^^^^^^^^^^^^^^^^^^^^^^^^^^^^^
  File "D:\python\moex\Moex-bot\venv\Lib\site-packages\aiogram\bot\api.py", line 119, in check_result
    exceptions.ConflictError.detect(description)
  File "D:\python\moex\Moex-bot\venv\Lib\site-packages\aiogram\utils\exceptions.py", line 140, in detect
    raise err(cls.text or description)
aiogram.utils.exceptions.TerminatedByOtherGetUpdates: Terminated by other getupdates request; make sure that only one bot instance is running
INFO:root:user_id=448946832 user_full_name='alex' , Sun Jan  8 19:30:38 2023 
INFO:aiogram:Bot: Moex_security_bot [@Moex_security_bot]
INFO:aiogram.dispatcher.dispatcher:Start polling.
ERROR:aiogram.dispatcher.dispatcher:Cause exception while getting updates.
Traceback (most recent call last):
  File "D:\python\moex\Moex-bot\venv\Lib\site-packages\aiogram\dispatcher\dispatcher.py", line 381, in start_polling
    updates = await self.bot.get_updates(
              ^^^^^^^^^^^^^^^^^^^^^^^^^^^
  File "D:\python\moex\Moex-bot\venv\Lib\site-packages\aiogram\bot\bot.py", line 110, in get_updates
    result = await self.request(api.Methods.GET_UPDATES, payload)
             ^^^^^^^^^^^^^^^^^^^^^^^^^^^^^^^^^^^^^^^^^^^^^^^^^^^^
  File "D:\python\moex\Moex-bot\venv\Lib\site-packages\aiogram\bot\base.py", line 236, in request
    return await api.make_request(await self.get_session(), self.server, self.__token, method, data, files,
           ^^^^^^^^^^^^^^^^^^^^^^^^^^^^^^^^^^^^^^^^^^^^^^^^^^^^^^^^^^^^^^^^^^^^^^^^^^^^^^^^^^^^^^^^^^^^^^^^
  File "D:\python\moex\Moex-bot\venv\Lib\site-packages\aiogram\bot\api.py", line 140, in make_request
    return check_result(method, response.content_type, response.status, await response.text())
           ^^^^^^^^^^^^^^^^^^^^^^^^^^^^^^^^^^^^^^^^^^^^^^^^^^^^^^^^^^^^^^^^^^^^^^^^^^^^^^^^^^^
  File "D:\python\moex\Moex-bot\venv\Lib\site-packages\aiogram\bot\api.py", line 119, in check_result
    exceptions.ConflictError.detect(description)
  File "D:\python\moex\Moex-bot\venv\Lib\site-packages\aiogram\utils\exceptions.py", line 140, in detect
    raise err(cls.text or description)
aiogram.utils.exceptions.TerminatedByOtherGetUpdates: Terminated by other getupdates request; make sure that only one bot instance is running
ERROR:aiogram.dispatcher.dispatcher:Cause exception while getting updates.
Traceback (most recent call last):
  File "d:\python\moex\Moex-bot\venv\Lib\site-packages\aiogram\dispatcher\dispatcher.py", line 381, in start_polling
    updates = await self.bot.get_updates(
              ^^^^^^^^^^^^^^^^^^^^^^^^^^^
  File "d:\python\moex\Moex-bot\venv\Lib\site-packages\aiogram\bot\bot.py", line 110, in get_updates
    result = await self.request(api.Methods.GET_UPDATES, payload)
             ^^^^^^^^^^^^^^^^^^^^^^^^^^^^^^^^^^^^^^^^^^^^^^^^^^^^
  File "d:\python\moex\Moex-bot\venv\Lib\site-packages\aiogram\bot\base.py", line 236, in request
    return await api.make_request(await self.get_session(), self.server, self.__token, method, data, files,
           ^^^^^^^^^^^^^^^^^^^^^^^^^^^^^^^^^^^^^^^^^^^^^^^^^^^^^^^^^^^^^^^^^^^^^^^^^^^^^^^^^^^^^^^^^^^^^^^^
  File "d:\python\moex\Moex-bot\venv\Lib\site-packages\aiogram\bot\api.py", line 140, in make_request
    return check_result(method, response.content_type, response.status, await response.text())
           ^^^^^^^^^^^^^^^^^^^^^^^^^^^^^^^^^^^^^^^^^^^^^^^^^^^^^^^^^^^^^^^^^^^^^^^^^^^^^^^^^^^
  File "d:\python\moex\Moex-bot\venv\Lib\site-packages\aiogram\bot\api.py", line 119, in check_result
    exceptions.ConflictError.detect(description)
  File "d:\python\moex\Moex-bot\venv\Lib\site-packages\aiogram\utils\exceptions.py", line 140, in detect
    raise err(cls.text or description)
aiogram.utils.exceptions.TerminatedByOtherGetUpdates: Terminated by other getupdates request; make sure that only one bot instance is running
INFO:root:user_id=448946832 user_full_name='alex' , Sun Jan  8 19:33:33 2023 
ERROR:aiogram.dispatcher.dispatcher:Cause exception while getting updates.
Traceback (most recent call last):
  File "D:\python\moex\Moex-bot\venv\Lib\site-packages\aiogram\dispatcher\dispatcher.py", line 381, in start_polling
    updates = await self.bot.get_updates(
              ^^^^^^^^^^^^^^^^^^^^^^^^^^^
  File "D:\python\moex\Moex-bot\venv\Lib\site-packages\aiogram\bot\bot.py", line 110, in get_updates
    result = await self.request(api.Methods.GET_UPDATES, payload)
             ^^^^^^^^^^^^^^^^^^^^^^^^^^^^^^^^^^^^^^^^^^^^^^^^^^^^
  File "D:\python\moex\Moex-bot\venv\Lib\site-packages\aiogram\bot\base.py", line 236, in request
    return await api.make_request(await self.get_session(), self.server, self.__token, method, data, files,
           ^^^^^^^^^^^^^^^^^^^^^^^^^^^^^^^^^^^^^^^^^^^^^^^^^^^^^^^^^^^^^^^^^^^^^^^^^^^^^^^^^^^^^^^^^^^^^^^^
  File "D:\python\moex\Moex-bot\venv\Lib\site-packages\aiogram\bot\api.py", line 140, in make_request
    return check_result(method, response.content_type, response.status, await response.text())
           ^^^^^^^^^^^^^^^^^^^^^^^^^^^^^^^^^^^^^^^^^^^^^^^^^^^^^^^^^^^^^^^^^^^^^^^^^^^^^^^^^^^
  File "D:\python\moex\Moex-bot\venv\Lib\site-packages\aiogram\bot\api.py", line 119, in check_result
    exceptions.ConflictError.detect(description)
  File "D:\python\moex\Moex-bot\venv\Lib\site-packages\aiogram\utils\exceptions.py", line 140, in detect
    raise err(cls.text or description)
aiogram.utils.exceptions.TerminatedByOtherGetUpdates: Terminated by other getupdates request; make sure that only one bot instance is running
ERROR:aiogram.dispatcher.dispatcher:Cause exception while getting updates.
Traceback (most recent call last):
  File "d:\python\moex\Moex-bot\venv\Lib\site-packages\aiogram\dispatcher\dispatcher.py", line 381, in start_polling
    updates = await self.bot.get_updates(
              ^^^^^^^^^^^^^^^^^^^^^^^^^^^
  File "d:\python\moex\Moex-bot\venv\Lib\site-packages\aiogram\bot\bot.py", line 110, in get_updates
    result = await self.request(api.Methods.GET_UPDATES, payload)
             ^^^^^^^^^^^^^^^^^^^^^^^^^^^^^^^^^^^^^^^^^^^^^^^^^^^^
  File "d:\python\moex\Moex-bot\venv\Lib\site-packages\aiogram\bot\base.py", line 236, in request
    return await api.make_request(await self.get_session(), self.server, self.__token, method, data, files,
           ^^^^^^^^^^^^^^^^^^^^^^^^^^^^^^^^^^^^^^^^^^^^^^^^^^^^^^^^^^^^^^^^^^^^^^^^^^^^^^^^^^^^^^^^^^^^^^^^
  File "d:\python\moex\Moex-bot\venv\Lib\site-packages\aiogram\bot\api.py", line 140, in make_request
    return check_result(method, response.content_type, response.status, await response.text())
           ^^^^^^^^^^^^^^^^^^^^^^^^^^^^^^^^^^^^^^^^^^^^^^^^^^^^^^^^^^^^^^^^^^^^^^^^^^^^^^^^^^^
  File "d:\python\moex\Moex-bot\venv\Lib\site-packages\aiogram\bot\api.py", line 119, in check_result
    exceptions.ConflictError.detect(description)
  File "d:\python\moex\Moex-bot\venv\Lib\site-packages\aiogram\utils\exceptions.py", line 140, in detect
    raise err(cls.text or description)
aiogram.utils.exceptions.TerminatedByOtherGetUpdates: Terminated by other getupdates request; make sure that only one bot instance is running
ERROR:aiogram.dispatcher.dispatcher:Cause exception while getting updates.
Traceback (most recent call last):
  File "D:\python\moex\Moex-bot\venv\Lib\site-packages\aiogram\dispatcher\dispatcher.py", line 381, in start_polling
    updates = await self.bot.get_updates(
              ^^^^^^^^^^^^^^^^^^^^^^^^^^^
  File "D:\python\moex\Moex-bot\venv\Lib\site-packages\aiogram\bot\bot.py", line 110, in get_updates
    result = await self.request(api.Methods.GET_UPDATES, payload)
             ^^^^^^^^^^^^^^^^^^^^^^^^^^^^^^^^^^^^^^^^^^^^^^^^^^^^
  File "D:\python\moex\Moex-bot\venv\Lib\site-packages\aiogram\bot\base.py", line 236, in request
    return await api.make_request(await self.get_session(), self.server, self.__token, method, data, files,
           ^^^^^^^^^^^^^^^^^^^^^^^^^^^^^^^^^^^^^^^^^^^^^^^^^^^^^^^^^^^^^^^^^^^^^^^^^^^^^^^^^^^^^^^^^^^^^^^^
  File "D:\python\moex\Moex-bot\venv\Lib\site-packages\aiogram\bot\api.py", line 140, in make_request
    return check_result(method, response.content_type, response.status, await response.text())
           ^^^^^^^^^^^^^^^^^^^^^^^^^^^^^^^^^^^^^^^^^^^^^^^^^^^^^^^^^^^^^^^^^^^^^^^^^^^^^^^^^^^
  File "D:\python\moex\Moex-bot\venv\Lib\site-packages\aiogram\bot\api.py", line 119, in check_result
    exceptions.ConflictError.detect(description)
  File "D:\python\moex\Moex-bot\venv\Lib\site-packages\aiogram\utils\exceptions.py", line 140, in detect
    raise err(cls.text or description)
aiogram.utils.exceptions.TerminatedByOtherGetUpdates: Terminated by other getupdates request; make sure that only one bot instance is running
INFO:aiogram:Bot: Moex_security_bot [@Moex_security_bot]
INFO:aiogram.dispatcher.dispatcher:Start polling.
INFO:aiogram:Bot: Moex_security_bot [@Moex_security_bot]
INFO:aiogram.dispatcher.dispatcher:Start polling.
INFO:root:user_id=448946832 user_full_name='alex' , Sun Jan  8 19:35:32 2023 
ERROR:asyncio:Task exception was never retrieved
future: <Task finished name='Task-15' coro=<Dispatcher._process_polling_updates() done, defined at D:\python\moex\Moex-bot\venv\Lib\site-packages\aiogram\dispatcher\dispatcher.py:407> exception=ValueError("invalid literal for int() with base 10: 'Rosn'")>
Traceback (most recent call last):
  File "D:\python\moex\Moex-bot\venv\Lib\site-packages\aiogram\dispatcher\dispatcher.py", line 415, in _process_polling_updates
    for responses in itertools.chain.from_iterable(await self.process_updates(updates, fast)):
                                                   ^^^^^^^^^^^^^^^^^^^^^^^^^^^^^^^^^^^^^^^^^
  File "D:\python\moex\Moex-bot\venv\Lib\site-packages\aiogram\dispatcher\dispatcher.py", line 235, in process_updates
    return await asyncio.gather(*tasks)
           ^^^^^^^^^^^^^^^^^^^^^^^^^^^^
  File "D:\python\moex\Moex-bot\venv\Lib\site-packages\aiogram\dispatcher\handler.py", line 117, in notify
    response = await handler_obj.handler(*args, **partial_data)
               ^^^^^^^^^^^^^^^^^^^^^^^^^^^^^^^^^^^^^^^^^^^^^^^^
  File "D:\python\moex\Moex-bot\venv\Lib\site-packages\aiogram\dispatcher\dispatcher.py", line 256, in process_update
    return await self.message_handlers.notify(update.message)
           ^^^^^^^^^^^^^^^^^^^^^^^^^^^^^^^^^^^^^^^^^^^^^^^^^^
  File "D:\python\moex\Moex-bot\venv\Lib\site-packages\aiogram\dispatcher\handler.py", line 108, in notify
    data.update(await check_filters(handler_obj.filters, args))
                ^^^^^^^^^^^^^^^^^^^^^^^^^^^^^^^^^^^^^^^^^^^^^^
  File "D:\python\moex\Moex-bot\venv\Lib\site-packages\aiogram\dispatcher\filters\filters.py", line 77, in check_filters
    f = await execute_filter(filter_, args)
        ^^^^^^^^^^^^^^^^^^^^^^^^^^^^^^^^^^^
  File "D:\python\moex\Moex-bot\venv\Lib\site-packages\aiogram\dispatcher\filters\filters.py", line 63, in execute_filter
    return filter_.filter(*args, **filter_.kwargs)
           ^^^^^^^^^^^^^^^^^^^^^^^^^^^^^^^^^^^^^^^
  File "d:\python\moex\Moex-bot\moex1.py", line 41, in <lambda>
    @dp.message_handler(lambda message: int(message.text) not in tickers_list)
                                        ^^^^^^^^^^^^^^^^^
ValueError: invalid literal for int() with base 10: 'Rosn'
INFO:aiogram:Bot: Moex_security_bot [@Moex_security_bot]
INFO:aiogram.dispatcher.dispatcher:Start polling.
INFO:root:user_id=448946832 user_full_name='alex' , Sun Jan  8 19:37:15 2023 
INFO:root:user_id=448946832 user_full_name='alex' , Sun Jan  8 19:37:15 2023 
ERROR:asyncio:Task exception was never retrieved
future: <Task finished name='Task-18' coro=<Dispatcher._process_polling_updates() done, defined at D:\python\moex\Moex-bot\venv\Lib\site-packages\aiogram\dispatcher\dispatcher.py:407> exception=ValueError("invalid literal for int() with base 10: 'Rosn'")>
Traceback (most recent call last):
  File "D:\python\moex\Moex-bot\venv\Lib\site-packages\aiogram\dispatcher\dispatcher.py", line 415, in _process_polling_updates
    for responses in itertools.chain.from_iterable(await self.process_updates(updates, fast)):
                                                   ^^^^^^^^^^^^^^^^^^^^^^^^^^^^^^^^^^^^^^^^^
  File "D:\python\moex\Moex-bot\venv\Lib\site-packages\aiogram\dispatcher\dispatcher.py", line 235, in process_updates
    return await asyncio.gather(*tasks)
           ^^^^^^^^^^^^^^^^^^^^^^^^^^^^
  File "D:\python\moex\Moex-bot\venv\Lib\site-packages\aiogram\dispatcher\handler.py", line 117, in notify
    response = await handler_obj.handler(*args, **partial_data)
               ^^^^^^^^^^^^^^^^^^^^^^^^^^^^^^^^^^^^^^^^^^^^^^^^
  File "D:\python\moex\Moex-bot\venv\Lib\site-packages\aiogram\dispatcher\dispatcher.py", line 256, in process_update
    return await self.message_handlers.notify(update.message)
           ^^^^^^^^^^^^^^^^^^^^^^^^^^^^^^^^^^^^^^^^^^^^^^^^^^
  File "D:\python\moex\Moex-bot\venv\Lib\site-packages\aiogram\dispatcher\handler.py", line 108, in notify
    data.update(await check_filters(handler_obj.filters, args))
                ^^^^^^^^^^^^^^^^^^^^^^^^^^^^^^^^^^^^^^^^^^^^^^
  File "D:\python\moex\Moex-bot\venv\Lib\site-packages\aiogram\dispatcher\filters\filters.py", line 77, in check_filters
    f = await execute_filter(filter_, args)
        ^^^^^^^^^^^^^^^^^^^^^^^^^^^^^^^^^^^
  File "D:\python\moex\Moex-bot\venv\Lib\site-packages\aiogram\dispatcher\filters\filters.py", line 63, in execute_filter
    return filter_.filter(*args, **filter_.kwargs)
           ^^^^^^^^^^^^^^^^^^^^^^^^^^^^^^^^^^^^^^^
  File "d:\python\moex\Moex-bot\moex1.py", line 41, in <lambda>
    @dp.message_handler(lambda message: int(message.text) not in tickers_list)
                                        ^^^^^^^^^^^^^^^^^
ValueError: invalid literal for int() with base 10: 'Rosn'
INFO:aiogram:Bot: Moex_security_bot [@Moex_security_bot]
INFO:aiogram.dispatcher.dispatcher:Start polling.
INFO:root:user_id=448946832 user_full_name='alex' , Sun Jan  8 19:38:42 2023 
INFO:aiogram:Bot: Moex_security_bot [@Moex_security_bot]
INFO:aiogram.dispatcher.dispatcher:Start polling.
INFO:root:user_id=448946832 user_full_name='alex' , Sun Jan  8 19:41:59 2023 
INFO:aiogram:Bot: Moex_security_bot [@Moex_security_bot]
INFO:aiogram.dispatcher.dispatcher:Start polling.
INFO:root:user_id=448946832 user_full_name='alex' , Sun Jan  8 19:53:20 2023 
ERROR:asyncio:Task exception was never retrieved
future: <Task finished name='Task-13' coro=<Dispatcher._process_polling_updates() done, defined at D:\python\moex\Moex-bot\venv\Lib\site-packages\aiogram\dispatcher\dispatcher.py:407> exception=BadRequest('Invalid file http url specified: wrong url host')>
Traceback (most recent call last):
  File "D:\python\moex\Moex-bot\venv\Lib\site-packages\aiogram\dispatcher\dispatcher.py", line 415, in _process_polling_updates
    for responses in itertools.chain.from_iterable(await self.process_updates(updates, fast)):
                                                   ^^^^^^^^^^^^^^^^^^^^^^^^^^^^^^^^^^^^^^^^^
  File "D:\python\moex\Moex-bot\venv\Lib\site-packages\aiogram\dispatcher\dispatcher.py", line 235, in process_updates
    return await asyncio.gather(*tasks)
           ^^^^^^^^^^^^^^^^^^^^^^^^^^^^
  File "D:\python\moex\Moex-bot\venv\Lib\site-packages\aiogram\dispatcher\handler.py", line 117, in notify
    response = await handler_obj.handler(*args, **partial_data)
               ^^^^^^^^^^^^^^^^^^^^^^^^^^^^^^^^^^^^^^^^^^^^^^^^
  File "D:\python\moex\Moex-bot\venv\Lib\site-packages\aiogram\dispatcher\dispatcher.py", line 256, in process_update
    return await self.message_handlers.notify(update.message)
           ^^^^^^^^^^^^^^^^^^^^^^^^^^^^^^^^^^^^^^^^^^^^^^^^^^
  File "D:\python\moex\Moex-bot\venv\Lib\site-packages\aiogram\dispatcher\handler.py", line 117, in notify
    response = await handler_obj.handler(*args, **partial_data)
               ^^^^^^^^^^^^^^^^^^^^^^^^^^^^^^^^^^^^^^^^^^^^^^^^
  File "d:\python\moex\Moex-bot\moex1.py", line 79, in check_handler
    await bot.send_photo(chat_id=message.chat.id, photo="Security price.png")
  File "D:\python\moex\Moex-bot\venv\Lib\site-packages\aiogram\bot\bot.py", line 565, in send_photo
    result = await self.request(api.Methods.SEND_PHOTO, payload, files)
             ^^^^^^^^^^^^^^^^^^^^^^^^^^^^^^^^^^^^^^^^^^^^^^^^^^^^^^^^^^
  File "D:\python\moex\Moex-bot\venv\Lib\site-packages\aiogram\bot\base.py", line 236, in request
    return await api.make_request(await self.get_session(), self.server, self.__token, method, data, files,
           ^^^^^^^^^^^^^^^^^^^^^^^^^^^^^^^^^^^^^^^^^^^^^^^^^^^^^^^^^^^^^^^^^^^^^^^^^^^^^^^^^^^^^^^^^^^^^^^^
  File "D:\python\moex\Moex-bot\venv\Lib\site-packages\aiogram\bot\api.py", line 140, in make_request
    return check_result(method, response.content_type, response.status, await response.text())
           ^^^^^^^^^^^^^^^^^^^^^^^^^^^^^^^^^^^^^^^^^^^^^^^^^^^^^^^^^^^^^^^^^^^^^^^^^^^^^^^^^^^
  File "D:\python\moex\Moex-bot\venv\Lib\site-packages\aiogram\bot\api.py", line 115, in check_result
    exceptions.BadRequest.detect(description)
  File "D:\python\moex\Moex-bot\venv\Lib\site-packages\aiogram\utils\exceptions.py", line 141, in detect
    raise cls(description)
aiogram.utils.exceptions.BadRequest: Invalid file http url specified: wrong url host
INFO:aiogram:Bot: Moex_security_bot [@Moex_security_bot]
INFO:aiogram.dispatcher.dispatcher:Start polling.
INFO:root:user_id=448946832 user_full_name='alex' , Sun Jan  8 20:00:38 2023 
ERROR:asyncio:Task exception was never retrieved
future: <Task finished name='Task-13' coro=<Dispatcher._process_polling_updates() done, defined at D:\python\moex\Moex-bot\venv\Lib\site-packages\aiogram\dispatcher\dispatcher.py:407> exception=BadRequest('Invalid file http url specified: wrong port number specified in the url')>
Traceback (most recent call last):
  File "D:\python\moex\Moex-bot\venv\Lib\site-packages\aiogram\dispatcher\dispatcher.py", line 415, in _process_polling_updates
    for responses in itertools.chain.from_iterable(await self.process_updates(updates, fast)):
                                                   ^^^^^^^^^^^^^^^^^^^^^^^^^^^^^^^^^^^^^^^^^
  File "D:\python\moex\Moex-bot\venv\Lib\site-packages\aiogram\dispatcher\dispatcher.py", line 235, in process_updates
    return await asyncio.gather(*tasks)
           ^^^^^^^^^^^^^^^^^^^^^^^^^^^^
  File "D:\python\moex\Moex-bot\venv\Lib\site-packages\aiogram\dispatcher\handler.py", line 117, in notify
    response = await handler_obj.handler(*args, **partial_data)
               ^^^^^^^^^^^^^^^^^^^^^^^^^^^^^^^^^^^^^^^^^^^^^^^^
  File "D:\python\moex\Moex-bot\venv\Lib\site-packages\aiogram\dispatcher\dispatcher.py", line 256, in process_update
    return await self.message_handlers.notify(update.message)
           ^^^^^^^^^^^^^^^^^^^^^^^^^^^^^^^^^^^^^^^^^^^^^^^^^^
  File "D:\python\moex\Moex-bot\venv\Lib\site-packages\aiogram\dispatcher\handler.py", line 117, in notify
    response = await handler_obj.handler(*args, **partial_data)
               ^^^^^^^^^^^^^^^^^^^^^^^^^^^^^^^^^^^^^^^^^^^^^^^^
  File "d:\python\moex\Moex-bot\moex1.py", line 80, in check_handler
    await bot.send_photo(chat_id=message.chat.id, photo=currdir+"\Security price.png")
  File "D:\python\moex\Moex-bot\venv\Lib\site-packages\aiogram\bot\bot.py", line 565, in send_photo
    result = await self.request(api.Methods.SEND_PHOTO, payload, files)
             ^^^^^^^^^^^^^^^^^^^^^^^^^^^^^^^^^^^^^^^^^^^^^^^^^^^^^^^^^^
  File "D:\python\moex\Moex-bot\venv\Lib\site-packages\aiogram\bot\base.py", line 236, in request
    return await api.make_request(await self.get_session(), self.server, self.__token, method, data, files,
           ^^^^^^^^^^^^^^^^^^^^^^^^^^^^^^^^^^^^^^^^^^^^^^^^^^^^^^^^^^^^^^^^^^^^^^^^^^^^^^^^^^^^^^^^^^^^^^^^
  File "D:\python\moex\Moex-bot\venv\Lib\site-packages\aiogram\bot\api.py", line 140, in make_request
    return check_result(method, response.content_type, response.status, await response.text())
           ^^^^^^^^^^^^^^^^^^^^^^^^^^^^^^^^^^^^^^^^^^^^^^^^^^^^^^^^^^^^^^^^^^^^^^^^^^^^^^^^^^^
  File "D:\python\moex\Moex-bot\venv\Lib\site-packages\aiogram\bot\api.py", line 115, in check_result
    exceptions.BadRequest.detect(description)
  File "D:\python\moex\Moex-bot\venv\Lib\site-packages\aiogram\utils\exceptions.py", line 141, in detect
    raise cls(description)
aiogram.utils.exceptions.BadRequest: Invalid file http url specified: wrong port number specified in the url
INFO:aiogram:Bot: Moex_security_bot [@Moex_security_bot]
INFO:aiogram.dispatcher.dispatcher:Start polling.
INFO:root:user_id=448946832 user_full_name='alex' , Sun Jan  8 20:12:25 2023 
INFO:aiogram:Bot: Moex_security_bot [@Moex_security_bot]
INFO:aiogram.dispatcher.dispatcher:Start polling.
INFO:root:user_id=448946832 user_full_name='alex' , Sun Jan  8 20:15:22 2023 
INFO:root:user_id=448946832 user_full_name='alex' , Sun Jan  8 20:16:56 2023 
INFO:root:user_id=448946832 user_full_name='alex' , Sun Jan  8 20:17:33 2023 
INFO:aiogram:Bot: Moex_security_bot [@Moex_security_bot]
INFO:aiogram.dispatcher.dispatcher:Start polling.
INFO:aiogram:Bot: Moex_security_bot [@Moex_security_bot]
INFO:aiogram.dispatcher.dispatcher:Start polling.
INFO:root:user_id=448946832 user_full_name='alex' , Sun Jan  8 20:26:59 2023 
INFO:root:user_id=448946832 user_full_name='alex' , Sun Jan  8 20:27:27 2023 
INFO:root:user_id=1511004508 user_full_name='Pavel Yastremsky' , Sun Jan  8 20:41:49 2023 
INFO:root:user_id=323400035 user_full_name='Masha' , Sun Jan  8 20:44:16 2023 
INFO:root:user_id=1511004508 user_full_name='Pavel Yastremsky' , Sun Jan  8 20:50:24 2023 
INFO:root:user_id=1080877066 user_full_name='파sha Lav' , Sun Jan  8 20:54:24 2023 
INFO:root:user_id=448946832 user_full_name='alex' , Sun Jan  8 20:55:35 2023 
INFO:aiogram:Bot: Moex_security_bot [@Moex_security_bot]
INFO:aiogram.dispatcher.dispatcher:Start polling.
INFO:root:user_id=1080877066 user_full_name='파sha Lav' , Sun Jan  8 20:57:17 2023 
INFO:aiogram:Bot: Moex_security_bot [@Moex_security_bot]
INFO:aiogram.dispatcher.dispatcher:Start polling.
INFO:root:user_id=1080877066 user_full_name='파sha Lav' , Sun Jan  8 20:59:26 2023 
INFO:aiogram:Bot: Moex_security_bot [@Moex_security_bot]
INFO:aiogram.dispatcher.dispatcher:Start polling.
INFO:root:user_id=1080877066 user_full_name='파sha Lav' , Sun Jan  8 21:00:18 2023 
INFO:aiogram:Bot: Moex_security_bot [@Moex_security_bot]
INFO:aiogram.dispatcher.dispatcher:Start polling.
INFO:root:user_id=1080877066 user_full_name='파sha Lav' , Sun Jan  8 21:10:47 2023 
INFO:root:user_id=1080877066 user_full_name='파sha Lav' , Sun Jan  8 21:11:17 2023 
INFO:aiogram:Bot: Moex_security_bot [@Moex_security_bot]
INFO:aiogram.dispatcher.dispatcher:Start polling.
INFO:root:user_id=1080877066 user_full_name='파sha Lav' , Sun Jan  8 21:13:32 2023 
INFO:root:user_id=1080877066 user_full_name='파sha Lav' , Sun Jan  8 21:15:03 2023 
INFO:aiogram:Bot: Moex_security_bot [@Moex_security_bot]
INFO:aiogram.dispatcher.dispatcher:Start polling.
INFO:aiogram:Bot: Moex_security_bot [@Moex_security_bot]
INFO:aiogram.dispatcher.dispatcher:Start polling.
INFO:root:user_id=448946832 user_full_name='alex' , Sun Jan  8 21:20:09 2023 
ERROR:asyncio:Task exception was never retrieved
future: <Task finished name='Task-14' coro=<Dispatcher._process_polling_updates() done, defined at D:\python\moex\Moex-bot\venv\Lib\site-packages\aiogram\dispatcher\dispatcher.py:407> exception=UnicodeDecodeError('charmap', b'\x89PNG\r\n\x1a\n\x00\x00\x00\rIHDR\x00\x00\x03\x9b\x00\x00\x00\x9d\x08\x06\x00\x00\x00:\xdal\x90\x00\x00\x00\x01sRGB\x00\xae\xce\x1c\xe9\x00\x00 \x00IDATx\x9c\xed\xbd_h\x1bk\x9a\xe7\xff=K_\x84\xf1\xec\x86m\x19w\x92\x0ba\xba\x91\xcf\x85[\xc4\x10\xe1\xc6\x84Q_\xa8\x8f8\xf2\xae/\xce\x90\xb9\x10\t\x04O\x1b\x9f=\x8d\xffp\xb0\xc1\xe3\x8b\xc5xo\xbc\x06\x99Cd\xa6C\x82gL Y_L `/V\xd0i]\xb4\x86c\xd3F\x03I4\x82Y\x8b\x1d\x8c\x16\x92\x1cG\xd5\xbf=;m\xf0\x9d~\x17U\xa5z\xabT\xffdI\xb1\xaa\xf4\xfd@P\\U\xef[\xaf\x9eo\xbd\xcf\xfb\xbe\xcf\xfb\xd6\xabO\x0e\x0e\x0ej \x84\x10B\x08!\x84\x10B\xda\xc8\x8f\x00 \x9f\xcf_v9\x88K\xa2\xd1(\xf5\xf2)\xd4\xd6;P+\x7fB]\xfd\x03\xb5\xec~\xa8Qg\xa0]\xdb\x0b\xed\xd9\x1a\xd1h\x14\xff\xee\xb2\x0bA\x08!\x84\x10B\x08!\xc4\x7fp\xb0I\x08!\x84\x10B\x08!\xa4\xedp\xb0I\x08!\x84\x10B\x08!\xa4\xedp\xb0I\x08!\x84\x10B\x08!\xa4\xedp\xb0I\x08!\x84\x10B\x08!\xa4\xedp\xb0I\xdaO$\x89\xf9\xf9$"\xf5?\xe7\xb1\xb4\xb4\x84\xa9\xf1K-\x15!\x84\x10B\x08!\xe4#\xf2\xa3\xcb.\x00\xf1;\xe3\x18\t\x9e\xa1\xb8\xfe\x00\xfb\x97]\x14B\x08!\x84\x10B\xc8G\x83\x83M\xd2Y\xc6o  \xbd\xc5\x96xhj\t\xe1\x00\x00\x9c\xa3\x92{\x80\x9dB\xfd\x04\x96\xe4\x132R\x11\xeb[\x1c\xa2\x12B\x08!\x84\x10\xe2E\xb8\x8c\x96t\x86+A\xc4\x96\x96\xb0\x14\xeeC\xe5\x956`\x1c\x9fZB\xe8,\x87\xf5\xf5u\xac\xaf\x97\xd1\x17\x9b\x82nu\xadT\x94\xcf\x15\xa5\x8f^dB\x08!\x84\x10BH\xfb\xe0`\x93t\x86\xf3\nr\xebE\xe8\x87\x8c\x11\\\xed\x93P\xaeOe\xee\xe3U\xa5\x0f7\x84\xd1\xe6\xf9\xd9\xe9\xc7+#!\x84\x10B\x08!\xa4cp\xb0I:\xc8>\xb6\x8ag\x08\xdeV7\x0b\x1a@\xdf\x15\xeb\xab#W\xfb>R\xb9\x08!\x84\x10B\x08!\x9d\xe6\x82\xeflF\x90\x9c\x8f!\xa8\x1b8H(\xaeoq\x13\x18\xa2g\x7f\x0b\xc5\xa9%\xdcNFP\xd8\xd9\xc7[iI\x9e\xc9\xdc\x07\x80\x08B\x03\xc0YY\xfb\xff\xe9w\x05\xdb\xec\x88\x15\xe3\x98Z\n\xa3\xfe\xc6+\xdfw\xed\t\xb4\xf7\x9fe\xa4\xe2:\xf4\xb2\x0b\xbe\xfa\xbc\x82\xdc\x83\x1d\xb0\x86}\\\xf4\x1a\xb1\x9d\xf4\x13\xc6\xfa\'c\xd8\x8b\x80\xb4L$9\x8f\xd8\xc0\xa9\xc1\x7f\xc9\xbem\xe04\x87\x074\xb6k\xc6\xa7\x96\x10\x86\xb1\x7f \xf7\x1f\xd0\xd0~\x10{\x0c\xfd.\xfawKZ\xdb H\xe9\xd0\x9a;\\Bd\xf6\xb7\x8a\x98Z\x8aa>\t<\xd8*bji\tKa\xf9\xdcy%\x87\x07\x05\xa1C\x1c[\xc2RLM\x19\xc0\xd4\xf8>\x9d\x9f#\x11$\xe7\xe5\x86b]\xb1\xd5\xf8\xd4\x12\xe6\x93\xa7l\x84}L$9/w\x1aT\xd11\x8e\xa9\xa5y$O\x95\x8e\xee\xf8\x94\xfc\xcetn\x1d\xeb|\x0c.\x85\x06\x8d\xc6\xa7\xb04\x9f\xc4)\x07\xfd\xbe\xc1\x18\xe0\x19\x9f\x9a\xc7\xd5\xcb+\x8e\x7f\xb92\x80P\x04(\xd47\x14\x1cA\xf0\np~\xa9\x85\xf2(\x81\x1b\xa8\xc7\xfc\x01D\x92!\x04\x00p\xa7\x8c\xe6\x18\x9f\n\xe1,\xb7\x8e-\xe5\x99\x8c$\xe7q;\x19\x01#M\x8dtd7\xdaHr\x1e1u\xda\xd3n@jr\xee\xbcb\x88RE\x92\x98\x8f\x05\xa1_}\xa9F\x0e\xf53\xacu\xa7\xaf\xa4\xc1\xf99\xae\\\xb9\x02]\xa4\xd1\xb8\xe3\xa9\x1a\xed\xd7\xddG\x88N\x18\xafo"r\xf1O\xff\xf4O\xf8\x87\x7f\xf8\x07\xd3s\xb7n\xdd\xc2_\xfd\xd5_\xb9\xc8\xc5\x83\x14v\xf0@W\xd7\xf6\xb1\xb5\xaeYL\xfc\xbfL\x04fv\x1d\x9fZ\xc2\x8d\xce\x95\xd2?DB\x18@\x05\xdf\t\xc6\xdb\xdfZ\xd7\xfe\xb0\xd9\xe5W\xac\xabb\xa7IW\x87u\xe7\xc4:\'h\x16Ib\xfe6\xf0\xdd\x83\x1d\x14\x94h_\x9f\xb1.\x8b\xe5\xb9\xf1V)C\x04\xc9\xf9\x11\xfc\xf0@\xce\'\x92\x9c\xc7\xc8\x0f\x0f\xf0\xf6\x86\xd1_0b\xa8G^\tP\x11E\xc7>^U\xe6q[\xe9\x91\x8d\xdf\xe8C%\xf7\x1dp{\tK#\xaa\xe6j$\xd6j\xf6\xc5B\xdf\xf1),\x85\xcet3\x0b\xeaf_\x0chXa\xa2\xd1\xfe\x16\xd6\x01\xb9\xbe\x8c\xf4\xe1,\x10\x90\xa3\xe2B\x9d\xb4\x9c\t\x15\xeaq\xbd\x9d4\xd4m\xf3\x99\xed\xdb\xc0w\x8a\xd6\xbazj\x91\xa71\r\xc615\x7f\x15\xaf\x1e\xec\xa0`\xf5|\x10\x0b\x84\x99\x0fae\xc1\xf8\xd4<n\x00\x08\x04\xec\xfb\'\x8e~\xd70\xb3\xd2\xd0\x7f\xf2\x11\x92t\x86\x01a\xb49~#\x80\xf3sm\xa89>\xb5\x84\x1boE{)\xed\x8a\xc93?\x7f\xf5\x15\x1e\xec\x14\xec\xd3\xc4\xfaP\x16\x9e\xefHr\x1e\xb1\xbe2\xd6_]5\x9c\x93\xb5\xe9+\xe7p\x16\x8a\xa1\xaf,\xd4A\x93|.\x9fsHR_\xc3\n\xb3sq\xd4n\xe6\x17\xec\xdax\xe1z\xf5\x99\xed\x05\xdb\xeeo=\xb0>\xd9\x8c\r\x7f\x18\xc1\xbc\xec\x10p\x05v\xbeX\xc8\xfb\xc6[\xe4\xceB\xba~\x9a\xeaK~\x18\xb1\xb0=\x8c}\xbb\x8f\xe7\xc3/\xf8\xce\xa6\xfc\xee\x9d\xe9f.\x91$n\x07\xaf@**;\x8a\x06\xc2\x98\x1a\x97;\xbf\xeb\xeb9T\xce\xa1l\x1e\xb3.7\xae\xe3S\x08\x07\xceQ\xc9\xad#W9\xc7\x95\xe0m$#B~\x85\x1d<\x10v\'\x95\x8a\xebX_\x17\x07\x9a\x12\x8a\xeb\xeb\x90o5\xafK{\xe5\xac\x8c\xf5\xf5"$\\\x11\xde\x1b\x04dA\xd6\xe5]O\xc5\x81\xa6TT\xae\x0f <ov\xbdrnJ\xb7\x7f\xaa%V\x03J_\x0f4/D\x01;\x0f\x1a\x1f\xf8\xfd-.\xe9p\xc5@\x1f\xae\x9c\xfd`?Sb\xb6\xcb\xef\xf8\x94\xec\xe0\xd7\xe5\xbay\x16\xd2\xd7\x1f\xb9\xae\xc9\xf5RFu\xfcJ\xdd\xc9\x9d!\xa4\xab\'j\xb6\xf2,k+\x9d\x1e\xcd_\xa8u\xaf\x9b\x1a\xebn`\x00}W\xce\xf0\x83\xc1\xc4\x85\x1f\xcep\xa5o\x00\xf2f\\W\x10\x8c\xdd\x06\xbe[\xc7\xfa\xdb\x1bXZ\x9a\xc28\xf6\xb1\xa5\xfaa\x13\xc6\xa7l\xf4\xbd\x12\xc4\x88\xea\xfa"I\x84\xb8\x9a\xc5\x01s\x8d\xea\x04\x80\xb7\xeb\xb2\xad\x8b\x08c^\xa8|j\xdd[/Bno"I\xcc\xdfx[\xaf\xab\xa7\x03#\xda.\xdej\xdd\x96/\x86\xbb\xd6\tr\x9e\xa13\xb9-^_G\xb9/\x06\xc7\xa6m|D{>\xd4\xb2\x11\x0b"H\xce\xcb3\x1f\xeb\xeb\xebX/\xf7!V\xb7\xd7\x15\xf4\x9d}\xa7\xd4\xb3S\x0c\x88\xbb\xb2\x9b\xe9ij\xf7qL-\t\xf9\xfb}\x07\xf7\xb7oq6\x10R\xfc\xd18n\xf4UP\xb6\xdaOP\x99\xf5l\x8a\x864\x01\x84\xeaur\x1c#\xea\xc9\xc2\x0e\xcaR@\xdb\xd8P\t\xf6\xaa\x9b\xee\x07B\x9a\xcf\x1c\x1f1N\x94t\x07goO\xd1\xa7~\x81H\x08\x03ge\x94\xcf\xd4\xb3\x11$o\xa8~!\x87\xd3\x01C\x9f\x1c\x866^\rDZ\xf4#\xe4\x04\xfe\xb6m$9\x8f\xa5\xa5%\xc4\x06N\xf1\x9d:Hl\xc6\x86\x00\xae\xf4\x9d\xe1\xbb\xfa\xf5.|1\x80\xc2\xce\x03\xb9\xfd\x90\xc4\xb1\x91\xe1"\xc1\xf6\xf5A\xfd\xba0\x1e\xfbH\\lfs\xfc\x86<\xe5n\xd6\x8a\x16v\xf0\xa00./\x95T\x0e\xf5]\x8d\x00V]\xe1\xfd-\xac\x9f&1\x1f[BP\xbd~\xc0E\x19"!\x0c\\\x01\xa4\xa2\xd2\t\xdd*\xe2\xc6RX\x8e|\x95\xe5K\xa4\xb7\xf2\x13\xbaU\xbc\x81\xa5\xb0\xb2\x04\xc34\xab\x01\\\x81\x84\xe2\x96\xc3\xf5\xca\xf7>\x87<\x17\xe7\xa6+}\xeb\xd6-\x00\xa8\xcfpr\xa0I.\x03\xb3\xc0P\xe4j\x1f\x10\x08cI]\xd3\x0c\xe0\\\xb7N\xc9\xc8\x00\xfa\x04\xc7\x8f\xc2\x0e\xca#\xf3\xfaz\x12I"\xd4\xa7\x9fe%\x97\xc1\x00\xfa\xae\x88\xb3\x97[(\xde\x10\xdf\x97\xbe\x82`}\xc9\xba\xb6RD~$\xb4e\xee\xc0\xb9\xa6\xef\xf9\xb9\xd2A\xd9\xc7\xf8\xc8\x00\xce\xa4spK\xaf\x168?\x83Z+\xf7_U0?\xd2\xd8\xf0E\xae\xf6\xc9u\xb7\xb0\xaf\xad\x16\x89\x840\x803\xb5\x99\x13/F\x9f\x90\xa7#\x03}\xb8r%\x80\xd8\xd2\x12\xeao.`\x1c\xb0\xcba\x7f\x0b[\xe2l\x9a\xf4\xd6\xed\xddz\x90\x01\xf4]\xb9\x82\x80\xee\xd5\x10\xd4\x07\x95gj\xffI\xf1\xa3W\x8d\x1dtQOK\xbb\xdb\x043|\xc7>^\x9d\xce\xcb\x01\xaf\xab!\xf4\x9d~\x87S\x0c d\xbc,\x92\xc4\xfc\x8d3T\xce\x9b\xf0Nfi\xce\xcf\x81\x81\x10"(\x00\xc9\x10 i\x83\xf9\xfd\xb7\x12\x96\x14_\x18\t\r\xe0\xac\xfc\x00\x05D\x10\xc29\xce\xa1\xf6\x1d\x93\x08A\xea\xce\xa5\xa9\xa7;(\xdf\x90\x07\x85?\x8c\x04q\xf6v\x1d\xb8\xa1:\xfd\x02v\xb6\n\xf2\x00*\xa8\xcc\xbc\x8bi\rm|\xe4j\x1f\xa4\xf2\x96\xd2\x07(`GqT\xe3#\xda\xf5\xbe\xb6m$\x89\x11|\x87\xf5\\\x08\xf31u\xa9ws6\x04\x00\xd4\'\x0c\n\xd8)\x8f`\xbe\xee\x10L\xda\xea&\xcaf\xb4\xfde\xfd\xe2\xc3\x85\x06\x9b\xe37\xe4\xd5\xddo\xcd:\x94\xca\xd4\xf1y%\x87\xf5rH^\xcej\x83:\xa5+\x15\xd7\xf1\x00\xc6%\xab\xcds\xc5\xd5H\xd5UN\xc2\xa0W\x11\xbb~\x8f\xe6\xde\xc8P\x07\x9c\xff\xfa\xaf\xff\xca\x81&\xe9\x0c}W-\x03 V\xbb\xfc\x0e\xf4]1Yv\xa7\x9d\xc3\x0f\r\x19\xd9\x0f.\xae\x04\x11\x8b\x018\xaf\xd8]E\xda\xc2)\xce\xceC0\xc6\xf1\xea\x83\x13\x00g\xe77t\x1d\xd1\xd3\xb3saY\xba0\x10\x8d$1\x7f;\x89H\xe1\x07\xf4]\xb1XV3\x0e\xe0\xac\x8c2BHF\xc6\xd1\xd7w\x8a\xb7\xa7&\x1d=b\xa0\xafA#7\xe8\x06\xfc\x92\xd6\xa6iKl%\x0ch\x17\x0b\x01#\xe1\xb8\x03\x91\xab}\x16\xcb.#\xd0wpP\xaf\xd3r{}\x86\xe2\xfa:\xb6"I\xcc\x8f\x80X\x11\xb9\x8a>\x8bM\xb9l\'-L\xf44\xb7\xbb\xbcl>\xb6\xb4\x04\xf5j\xbf\xbb\xdeB\xf9\x14\xb7G\x92\x08\xf5\x9d\xa1\xfc\xa0\x00$o\xeb/\xb8\x9a\xc4|\x08\xf8\xeeA\x19!\xf1\xe1T~\xf7\xdb\xf08\xdb\xa7\xc1)\xca\xa7\x03\x18\x19\x8f\xe0l\xe0\x0co\xcb@@u\xa0\xfb\xafP\x99\xbf-\xfb\xc2\xe0\x19\xde\no\xad\x9c\x96O102\x8e\xc8\xd9\x00\xcet\x89\xba\x8b\xfd\xb7g\x98\x0f%\xd1\xd7\'\x07\x90\x07\xa6\xd43\xda\xf2\xce\xf5\xf5\x82\xfe\x1dd\x936\xde\xb4\xaf\xa0\xd2\x0b\xb6-\xec(\xefl\x16\xf0``\nK#\xe3@\x01M\xd9\xd0\x1e\xc32\xfb\x91q\xc0M\x8c\xcf\xc4\xf6\x85\x9d2F\x96bX\xaa;v\tE\xf7\xdf\xb4%\x9a_F\xab,\x9f:\xaf\xbc2]\xd6\xa6\x0eD\xcb\xae\x96\xd0E\x10\x1a\xb8\x02\x9c\x0b\xb3%n)\xfc\x803h\xd3\xea\xf5\x17\x9c\x1bF\xc0\x11$C\x01\xd8E\x00\x0b?\x9cA\x9b\xd6W\xaf\x17\x07\xd3\xda\xb2\xdb\xa2\x04\xe0J\x9f\xeb\x06]\x853\x9a\xa4c\xec\xbfB\x05\xc2\x12G\xc8\x9d\x13y\x19\x86\xb2\xcbo\xb9\xf1\xe1\xdf\x7f+! \xfe\xc8i$\xa2,Q\x89\xe0j\xdf9\x1a\x02`\x85\xb2\x1cI\xaeG\xe0\xc7q# \xd4+ey|\xeet@~I\x9et\x90\x02\xca\xa7@P\x14\x1d\xe3\x18\t\xaaZ\x17\xf0\xc3\x99\xb0\x1cI\xdd\xf9\xd96\xa8\xb9\x8f\xb7\xe2\x12&\x00\x91\x88^\xc7\xfdW\xa7\x18\x88\x85\x81\xf2\x8e\xfb\x19\xb4\x9ee\x1f\xaf*\x06\x8d"I\xcc\x9b\xac\x8f\x8a\x18\xc4\xa9/\xa3]/B\xea\xbb\x8a\x08"\x88D\xd4\xe5\xe5\xeb(J}\xdaLX}\xd9\xa5\xe1\xb8\x03\x85\xf2\xa92\xbb\xa0\x16"b\xfe\xaa\x89\xf0{\xc9\x03}@%\xc7%\xed\xaeh\xf0\x97\xb2\x86\x8d\x18\xfc\xa8\x89\x9eVv/\xec\x94!\xa9\xaf%\xf9}\x19- \xdb\xb4/\x88\xe0\xd9[\xd3g0\x10\xecC\xd9l\xf3-\xd5F&v\xb2L\x03\xe0t\xa7\x0c\x84c\x1885\xf6we\xff;p;\x84>c_\xf8t\x07e\x84\x11\x1b8m\xbe_\xfb1\xd9\x7f\x8b\xb3`\x10}\xa7e\xfdw\x8f\\E\x9fT4\x7f\r\xc6\xa4\x8d7\xf6#"\xe3\xe3u?\xe2w\xdbF\x92I]\xe0\xa8\x1e\xd8o\xd2\x86F\xc6o\x04\xb4\x95\x0fF\x94\x89\x05\'\xccm\xbf\x8fW\x95s\xa5}\xe9\xeae\xb4\xe3\x98R7\xd1\t\x8a\xa3c\x00\xca\xbb\x8c\xeb\xaf*\x08\xc5\x82\x08\x8b\xd16\xcb\xfc\xe4\xe9\xe2\xa5p\xd0\xb0\x94\xc7\r\xfb\xd8\xca]\xc5|LN\x0b\xc8/\xd5*{\x8e\xc8%\xaaG\x87\xcf\xed\x1b\xc8\xfd-\xe4\xae\xce#\x16\x8cA\xce\xcax\xbd>\xcak5\xd0&\xe4r(`\xe7\xbb\x10\xe6c\xe2lH\x11\xb9\xf2\x17H\xce\x0f\xd9\xec\xf2+\xff,\x8d\xb8\x8cV\x1a\x18\xc0H8\x8c\x80T4\xd9\xc1T\xb8OL\xbd\xcd\xbaI\x07\xe8;\x84\xe6cX\x9a\x1a\x90_`\xef+7\xfe\x0c\x8ba\xf9.\x04\x7f!Y\x85\xda"I\xcc\xc7\x06p\xca\x9f\x15\x00 \xbf\xaf1`\xd4\xaf\xb8^\xb7\xcd\xbe\xe9\xce\xcf\xea\x95\x8dKs\xe4\xd5\xb6\xfa4\x80\x84\x81BA\xd3\xb8P\xc6\xe9\x08P\xde\x07\x90\xec\xe4\xb7\xf3\x07\xf5\xba \xccT\x15seDpU?\xdb"\x15\xb1\xbe\xa5=\xd4\xe2\xcc\xe6y%\x87\xc2\xf8\x08\x96\xc219".\x1fD\xae\x00y\x8aL\xacK\xcaq\xed\xe7\rN\xd10K\t(?E\xb5\x83\xefB\xf3\xfa\x19\x9f\x10P\xb0Y\xa3\xb5\xff\xf6\x0cKb^\x96\x95\x95\x98\xf9K\xd1\xc0\xfa\xfe\xc9\x03\xad\x8e\x99\xe8Y\x180\xb1\xbb\xba\x11b%\xd7C;\x1b\xcb}\xc6)\x8b\x1eX\xfd\xb5\xaa&\xb0O\xb3\x8f\xb7\xd2\ryw\xd1q\xfd4\xbe<K\x14\xc2\x99E \xf7\x06\xe4M`\xbaw\xf2\x7f\x1f\xaf*7\x102\x96\xbfP\xc6\xe9m\xd1g\x19\x96\x80B\xdf\xc6\xafo\x19\xfa\x11\xe7\x12\x8aJ\x1f\xdc\xdf\xb6\x1dGh`\x00A\xa1\xef"o\xb8#\x0fB\x9a\xb2\xe1[\xe8\xea\xfdy%\x87\x07u\xc3\x19\xdb\xea-\x14\x06\xa6\x1c\xc7Kf\xb6\x97W\xc6H(\xae\x9b&\xe9(\x9f\x1c\x1c\x1c\xd4\xf2\xf9\xbc\xcb\xcb\x95w\x06\x1a~\xc3\xcf\xea\xf8%\xa18\xe13\x1f\xfefP4\x1a\x85{\xbd\xac\xb9\xc8\xcemj:u\x19Wq}\x0bh\xd8eXBq\xfd\x15\xae\xce\x8f\xa0\xef,\x80\x80p\xed\xa9\xfar\xb2\xb6\xe5\xa9\xbc\x9bX\xee\x0c!\xab\xdd\xc9\xecvM\xb5(\xebw\xb8m\xbaC\xd7\xce\x80\xd9\xce\x8b\xddC\xbb\xb4\xd5\xd0\xefB\xa6\xa2\xd7\xbe\x93\xf8\xf7\xb7\xbb\xda\xaf\x15\xe9\x06>\x9a\xaeF\xdf\xf511\xf8t\xbf\xd2\xcdu\xf4\xe3\xf9\xe0\xee\xa6\x9b5r\xe42\xeb\xb0\x03\x9e\xb6+\xd0u\xb6\xed\xb8=u;\xf4\xfb\x8fh4\xda\x99\x9f>!\x1eC\xd9\xad\xca)F\xad\xfe\xd4\xc1\xfa\x96\xb2\x85\xf3|\x12\xdf=X\xc7z\xc3\xf6\xcc\x11$\xe5\xad\x16\xb1\xbe\x85\xfao\xcb\xe5\x1e\x94!-i\xbf\xef\x14\x91\x7f\x17\x00\xfb\x08a^]\xc6,/L\x97w\'\x93\xea7Vv\xd0R\x7f*c\x1e\xc9\x88\xf5K\xd2\x85\x9d\x07\xca\xf6\xf2\x86\x01\xf5\xd4\x19r\xeb[\xca\xf6\xfd\xb7\x91\x8c\x14|>C\xa6\xbd\xac/\xa2\xfbY\x94\x8e\xb2o\xf237\x84\x90Ke\x7f\x0b6\x1b\xf6\x13B\xec\x10~&O*\xaew\xc5`\xc87\xd0\xb6\xbe\xa5\xc9\xc1\xa6U\xe7\xb1\xcb:\x95\r\xbf\xf3H,q\xbds[\x04W\xfb$\x94\xd5\xa5^\x8e6\x16\xde\xf9\xdb\x7f\x85\xca\xfc\x08\x06\xb0\x83\xb7\x92\xba#f\x04\xa1\x01\xe5%\xffH\xc8vw2\xcb]S\x1b\xb6c\xb4\xc3aw0B\x08\xf9X\xb0\x8d\xeai>^\xc0\x8f\xb4\x1d\xd6\xdd\xce\xd1\xab\xb6U\x7f\x7f\xd9\xc7pf\xb3\x97ij\xe76\xf9\xb7U\xad6\x1ds\xcb\xfe\xab\x8a\xbc\xf3\xe5x\x1f\x82go\x85\nf\xbd;\x99\xe5\xae\xa9\x91\x90\xfd.s:lvX#\x84\x10B\x08!\x84\xb4\x9d\xe6w\xa3%\xbe\xa1\xb9\x9d\xdb\x8c;UF0>\xeer\xdbC\xe5w\xe1N\x81\xfa\x0e}\xb7C}\xa8\x18\xb6\x13\xb3\xda\x9d\xccz\xd7T\xab\xb2\x9a\x95\xc1fw0B\x08!\x84\x10BH\xdb\xe1\xccf\x0f\xd3\xec\xcem\r\xbb[JE\xcb\xdfv\xd4\xef\xa0%o\x10$\xfe`\xedR\xe8\x0c\x8d\x1b\x8dY\xecNf\xbakj\x01\x85f~{\xc1\xc5\x0ek\x84\x10B\x08!\x84\x90\xf6\xc1\xc1f\x8f\xa2\x7fgD\xd8H\xc6\xb8f^\xb7\x99\x84\xd5\xbb\xb9f\x1b\xd1\x08?Dk r\xb5\x0f\xe7\xa7\xaf\xb4A\xaax\xcf\xad\xad\xfa}\xc5\x12\xeeo5\xfe\xc4\x06`WV\x9b\xefH\x08!\x84\x10B\x08\xe98\x1cl\x92\x8f\x86\xf6\xf3%\x12\x8a\x8d?\xe2H\x08!\x84\x10B\x08\xf1\x11\x1cl\x92\x0e`>\x8b\xa8\xfe$\t!\x84\x10B\x08!\xc4\xffp\x83 B\x08!\x84\x10B\x08!m\x87\x83MB\x08!\x84\x10B\x08!m\x87\x83MB\x08!\x84\x10B\x08!m\xe7\x93\x83\x83\x83\xdae\x17\x82\x10B\x08!\x84\x10B\x88\xbf\xf8\x11\x00\xdc\xbcy\xf3\xb2\xcbA\\\xf2\xf4\xe9S\xdc\xbbw\xef\xb2\x8bA:\x00\xb5\xf5\x0e\xd4\xca\x9fPW\xff@-\xbb\x1fj\xd4\x19h\xd7\xf6B{\xb6\xc6\xeb\xd7\xaf\xb9\x8c\x96\x10B\x08!\x84\x10BH\xfb\xf9\xe4\xe0\xe0\xa0\xc6\x99MB\x08!\x84\x10B\x08!\xed\x823\x9b\x1e\xe4\xe9\xd3\xa7\x97]\x04\xd2!\xa8\xadw\xa0V\xfe\x84\xba\xfa\x07j\xd9\xfdP\xa3\xce@\xbb\xb6\x17\xda\xb3u8\xb3I\x08!\x84\x10B\x08!\xa4\xadpf\xd3\x830\xc2\xe2_\xa8\xadw\xa0V\xfe\x84\xba\xfa\x07j\xd9\xfdP\xa3\xce@\xbb\xb6\x17\xda\xb3u8\xb3I\x08!\x84\x10B\x08!\xa4\xadpf\xd3\x830\xc2\xe2_\xa8\xadw\xa0V\xfe\x84\xba\xfa\x07j\xd9\xfdP\xa3\xce@\xbb\xb6\x17\xda\xb3u8\xb3I\x08!\x84\x10B\x08!\xa4\xadpf\xd3\x830\xc2\xe2_\xa8\xadw\xa0V\xfe\x84\xba\xfa\x07j\xd9\xfdP\xa3\xce@\xbb\xb6\x17\xda\xb3u\xbc5\xd8,\xa5\x11\x8dF\x95\x7fi\x94\xea\'$d\x16\xd5\xe3\x8b\xc8Hb\x92\xa8\x96&]r\x91W\xc3M\x91\xb6\xb9N\xca,"\xba\x98\x81d\x9aV\xb8F\xc9c1c\xbcR)\xbbC\x1e*\xf7\xee\xddsq\x15\x80\xe2\xb7\x88~\xfd\xb4\xfeo\xf1w\x7f\x94\xef\xf6\xbb\x17\xba\xe3\xe9\xa2\x9a\xe0\x7f#-\x1c\xd7\xd24\x1e\xd7\xd2\x90v\xe2Z\xdb\x1e\xc1\xb2\xee\xea\xae\xd1\xd7w\xc0\xbcN\xea\xf2\xb2\xa8kfyY\xd1\rZ\xd9\xfa\x1e)\x83\xc5h\xd4\xdc\xc7\x89\xbe\xaf\t\xbb6\xe6)\xe4\xab;gH\xebp?\x9d6\x06?)\xfaN]Z\xbb\xfb\xc9\x17\x08m\x82\x99\xdf5\xa7\x1bt\xf5\x0er\xdbh\xf1\x08A\xca,6\x9csl/Ki\x93vVl\x83\xbdUG/\x1f\xb9\x1eX>\xffR\x06\x8bF\x91L5\x10\xcf\x99\xf7\x87\xc4z\xdc\xd3\xf5\xcd\xce~0\xfaV\xeb\xbe\xabv}/\xd8\xb5y_\xe2dg5\x9d\xce\xae\x8e\xed\x869\xddo\xcf6\xd7s\xf9\x02[ML\xf3\xb4\xc1C\x83\xcd\x12\xd2\xb9\x18\xf2\xf9\xbc\xfc\xefE\x08\xdb\xca\x17-\xa5\xd7\x80e\xe5x~\x12\xe55\xa51+\xa5\x91\x8b\xe5\xebi^\x84\xb6\x15\xc35\xe6\x953\x15IBf1\x87\x98\xc9=U!\xd60\x89\xe5\xa0]\xb1\xd3X\xc3r\xfd^\x93\xe55\xe1\x01/!\x1dU\xca\x9eJ \xe0\xc2\n\xee",\x7fD\xe6\xe8?\xe0\xc57\xf7\x90W\xfe-\xa3\xac<T\x7f\x8e\xe5\xbfQ\x8f\x8f#\xf4?\xbf\xd5\x1e\xb6\x9f\x8f\xd5\xaf\xcf\x7fs\x0f\xa9_\xfd\xd8\xe4\xf88BG\x7fp50&\xcd\xc1\xe8\x99@C\xdd\xcd\x99\x0e*\xb7+b\xe5\xb3\xa8\x93R\x06\xb9\xd0\x0b\xad\xbe/\x03G&\x9d`}^\xf6\\\xaeV\xee|OpY\xf8\xce\xf99\x0c\x03r\x03!\xf8>\xcd\'jX\xda"\x90@*\x9f\x17\xfc\xe62F\xef\xc40\x0c\t\x99g\xc0r^\xf0\xc1\xcfJjf\x8e\xf7\x1b\x9e\x13\xf2\xcc\xe7\xf1\xf0\xce(b\xa3\x01@\xca\xe0\x99\xe0;\xf3\xb1\x9c\x92\xd6\xe4~k\xfa\x01\x8c$_`\xe1w\xada\x1dt\x87\xdc\x89\xcb!\xf6\xf0\x8e\xf9\x05\xa54\xd6r\xba\x03\x0e\xcf\xac\xd2\xe9\xce\xc5`\xcc\xb2\x94\x16\xda\xe0\xfc2\xf0\xcc]`\xb6\xe7\xb5,\xa5\x11\x8d\xae\x01\x93\xcb0w\x13%\xa4u"YkP\xbf\xde\xaa\xdfd\xf0\xd7\xcbx\xd6\x83\xf5\xcd\xc9~\x8d\xbe\xd5\xb2\xef\xaa]\xe0{\xbb6\xefK\x9c\xed,\'\x8b*}\xef\x14\x12\x01%\x9dC\xbbaEW\xdb\xb3\xed\xf5\xdc\x85&\ry:\xe3\xa1\xc1\xe60\xe6\xe6\x86\xb5?\x03A\xc5\xb0%\xe4*1\x8c\x06\xb4\xeb\xee\xc6\xca8\x92\x00\x0c\xcfA\x9f$h\x9e\x17\x80J\xf9}\xe3-\xa5#\xe4\x821\xd4\xaf\x0c$0\x89\x9c\x12\xc9\xbf\x86\xbb\xf9<R\x89k\xb6\xa5.\xe5*r\xc7I\xbd\xf3\xdd\x18\xcaG\xf2\xe3-7\xa2jEp\x87\xeb\x08\xcb\xe9\xff\x83\xf8\x8d\x02\xbf\xfa\x05\x86-/n\x86\x1f#\x08}\xde\xa4=t\x7f\xf4\xec#b\xa8\xbb@\x05\xba*\xaa\x0cD\x96c\xe21\x8b:\xf9\xbe\x8c\x8a!\xfbrEhb\xcc\xf2r\xe0R\xb5r\xe9{L\x93\x1e\xe5\x10\x8ci\x86\r$&\x81\x9c~\xc6\xd0\xad-\xa4\xa32bw\x87\x01\x04\x90\x983\x04\xcb*\x15Hn\xee\xd7@\t9L\xca>\xf1}\x19\x08\n\xb9^\x0b\x01\x15\xc9\xe4~\xd7\x102\xb4\xb2\x81\xc4\x9c\xce\xaf^3^`\x01\xeb\xa0KF\x97\xb5\x00F\x03\xf2\xa0$5)\xd8\xdc\xc53;\xba\x9cG~\xce\x98\xa3\x84\nB\xd0R\x05\x10D\xd9U\xfb\xd3\xebZJ\xd7\xee\xca\x1dm\x0b\x93\x97\xd29\xc4R\x93\xba\x0e\xaa\xb9\x06*\xd6\xfd&\xa9\x02\x84\x84\xfb\x04\x82\x80Y\x97\xca\x88\xdf4\xb2\xb5_\x83o\xb5\xe9\xbb\xaaIz\xc1\xae\xcd\xfa\x128=\xa7\xa8\x0f\xd2S\xba\xce\xb5s\xbbaE7\xdb\xb3\xfd\xf5\x1c\x0e\x9a\x98\xe7\xe9\x84\x87\x06\x9bz\xa4L\x0e\xa1\xbb\x8a)\x82A]G\xc7\xbcBJ\xc8\xe4B\xb8k\xb4^)\x8d\xe8\x1a\xb0la\xf8`H\xaf\xa0\xd6\xdf\t\xb8\x9a\x89\x04\x82\xba\xfeR\xbdpR\x06\xb9J\x05_9,g3\xe2.\xc2\xf2c$\x96\x7f\x8a\xdc\xd7O\x11\xfd\xfa[\xc34\xf9\x9f\xb0\xf6\xdf\xd5%\xb1\xbf\x07\xfe\xfa3\xed\x81\xfa\xe7C\xe7\xa5\xb2\xc5o\xf1\x15~\xda\xa6\x81+\x11\xe9\xea\xe8\xd9%\xa2F(\xb5*ZBz\r\xb8k\x8c\xd2X\xd5\xc9\xe19,cM^b\xa2\xd4w-\xadE^\x0e\\\xaaVn|O \x81\xbbX\xab/\xbf\xd2\xdcK\x10z\x97v\r!T\x94\xe8n3\xb6\x90pT\x0e\t\x1d%\xf5p\x06\x8b\xd1\x1cb\xf5\x95\x1av\xf73\xa1\x94\x03\xd4\xc1i\xdd\xd9\xaa\xdf\xc9\xa2\xa7Uz\x86r\xccneH\t\xcf\xca1WA=\xd6Aw\x04\x02V\xc6TV\x03\x19\xdbS\xc7g6\x00\xf3,\x1b\x07\x97\xc6\xc7\xc2\x8a^\xd7\xd2Z#y\xe6"\x173v&\xad40\xc1\xd0oj\xa8\x9a.E\xf2\x97Fv\xf6\xb3\xf0\xad\x0e}\xd7^\xb0k\xd3\xbe\xc4\xf19\x95\x90\xc9UP\xf9\xca\xe159\xc7vC\xa3\x9b\xed\xd9\x89z\xde|\x9e\xcexs\xb0)e\xb0\xa6v\x1e\xa4J\xc3\xac\x85y\x925\x93\x07KB\xa6\x12\xc3\xc3\xe0\x1a\x9e\xa9\xcbk\xc5\xb5\xf1&3"\xce\xf7Y\x14\x1ep\t\x15\xab\x0c\xde\x97Q\x89\xe9\x97\x88\xb9Y\x8f\xef>\xc2\xf23\xcc}s\x0f\xf9o\xe4A\xa7\xfa\xce\xa6~\x19\xed/\x81\xbf7_F;\x17\x16\xb2\x12\x06\xa1\xd1\xa3\x9f"\xff\xeb\x9f\xb9,\x03i\x86n\x8e\x9e]\x1aR\x06\x95\xd8C\x04\xd7\x9e)\xcf\xa9\xd2\x00\xb9\\v\xaed\x82\xa3\\\x101\xac!\x9a\x0ba\x199%z|\x91\xbcd\xbc\xa0U \x91\xaa\xfb\x97XN~?\xe5}\xd9\xca!5i\x0b\x8b\x86\xbat\x04L.W\xb0\xad\xf82\xeb\xfbY\x94A\x0c\x08\x1a\x06\xcc\xd1\xe8W\xa8\x84\x8c\xe1\xdb\x12\xd2\xdb&AD\xf1\x8a\xf4\xb6\x16\x98t\xc0\x0b\xbav3\xf2\xb2\xc0\xe6;"v\x0c\xcf\xc5\x90\x13\xde\xe7\xfdbM?\xe1m\x05\xb5\xb4@y\xb5\xc7nb\xc3\x1ec\xbf\t\xc0\xf0\x1cb9\xe1\xbdk\x97"\xf5\x86F\x16\xbe\xd5M\xdf\xb5\x87\xedzq_\xf2\x1e\xe5JLX.\x1bC\xae\xe1=q\xe7vC\xc4\x93\xf6l\xb9\x9e\xb77\xcf\x1f\xb5\xb1\x18\x1f\t9B\xb4\x9cR\xbem \x88`\xa5\x02\t\xc3\xf5\x8a,U\x80\xd0\xa8\x98D6P\xaa\xc1@\x01$\x12\x01 \xf1\x10\xb9t\t\x18\x1e\xc6\\>\x8f9\xf5\xb4\x14\x02r\xef!\x86\xc4\xdf\x97\x81`\xc2\xbat\x81D\ny\xf1|\xb0\x82\x8a\x04\x0c\x9b\x14.(:\x8d\xe1\x18\x82\x86{\x99\xf1\xf4\xe9\xd3&\x1f\xfc\x9fa\xee\x9b\x9f\xa1\xf4w\xdf\xa2\x84\xcf\xa0\xef\xaa\xfd\x18\x89\xff\x0c\xa4\x8b\xc0p\xd8"9 \x0fB\x7f\xfd3\xe0\xfb? ]\xfc\x8fM\xdc\x9b4C\xf3\xda\xf6\x00\x81\x04\xe4**\xbf\xaf7|\xed\x08\xb9\xa3\xe78\x8a>\xd7]\x16\xb4Y\xf2\x81\xd23\x94\'\xe5e\xb9\x89\x04\x00\x04\x91\xc9H\xc0\xe8\x05\xf2R\xf0\x9aV\xc3\xb1 r\xef\x81\xd1\x06\x97\xf6\x1ee\x04\x91\x90\x9a\xb3E)\x07\xc4\xe6\x1a\x8f\x0f\'\x12\x00F\x11K\x1fAJ$p\xcd\xea~f\x85\x94\x8eP\x0e\x8d\xea\xce\x89\xfe\xb4\x94N\x1b\xfc\xa3\xda\x89\x9b\xb3\x1c \xcbQ\xd8\x14\xe6\\F\x13\xbc\xa6kwQB\xee\xf9\x11\x9e?\x8fb\xad~\xac\x82\xd0\x8b\xe6^\x15iDh\x97\xa5\x0c\xd2G\xa3\xae:\xa0\xd4\xd2\x9cR\xee9\x8e\x9e?GT\x13\t\x95\xd0\x0b\xc3\x92C;\x1a\xfbM\x80\xf2\xee\xb5,\x122\xe9#\x8c\xba\x10\xa9\'4\xb2\xf4\xad1\xe7\xbe+z\xd5\xae-\xfa\x12\xdd\x8c\xf10b\xc1\x1c\xdeC\x1d\xec;\xb7\x1bF\xbch\xcf\xd6\xeby{\xf3\xf4\xd8`\xd3\xec!\x19F,\xb8\x8d#)Q\x7f\t\xf8\xa8\x1c\xc2\xa8\xdacQ6\xa8H9\xf56\x0c\x95\x1e\x00\x10\x18E\xac\xf2\x0c%\x0c+\x8d[\t9\xc4`\xd2\xc7\xb2d8\x16\xc4\xf6\x91$;g\xc8\xef9\x85F\x13\x00B\xa8<\xd3\x1c\xb5\xa9\x971\xc1\xed\x03/}\xffG\x04~\xf2c\x17\xd7\xfd\t\xf8\x89\xab,\x81\x9f\xfc\x02w\x8b\xdf"\xf3\xfdgH\xb8MC\\\xe35g\xf6\xb1\xa9T$`8\x81\x94\x10\xcd\x912i\x1c\x8d6\x19\xfd\x94*\xc8\x95\x81D\xe2\xe2yyM+\xd5\xbd\x04\xae\xc5\xf4~G\x1d5\x06\x86\xdd\xdbB\xca`\x1b1\xa4\xecnX)\xe3=\x12\x18\x1e\xb5\xb8\x9f\t\xa5g9\x84\xee\x9aG\xf2\xea\x83F\xf1z9\xeah\x13d\xb0\n2Z\xe35]\xbb\x0bC\xb0\xb6\x94F\x1as-\x0e4E\x94\xa5\x88)w\x19RKs\xb4\xc1\x0b\x00\x94\x90N\x03s\x17\x15\xc9\xa4\xdfT\x92Er\xd5\x91\xef\t\x8d\x026\xed\x8c]\xdf\xd5@o\xd9\xb5\x15_r\r!]\xbf]~\xef[\xed];\xb6\x1b&x\xd1\x9em\xad\xe7m\xc8\xd3C\x83M\t\x99\xc5/\xb0v\x04@\x8d\x10\x8d.\xe3E*\x81\xe1\xb9I\xe4\xa2j\x04d\x14\xcb/\x94\n)e\xb0\xf8\xc5\x1a\xf4I^ 5zT?.s\x07\x0f\xf3fQ\x8e\x00\x12\xcb!,F\xa3\xca\xb5\xf2uM1<\x87\xc9\\\xb4\x1e\t\x18]~\x01\xb9\xadL`9\xb4\x88h\xf4H\xf8.\xce\xa2\xb9\x8a\xb0|\xff\x07<\xfb\xfb\xb7x~zV?4\xfa\x9f\xc6\x91\x02 )\xefl\xd6\x03\x13?\x1fC\xfeW\xca\xff\xff\xf9\x10\xd1\xaf\x0f\xb5|~>\x86\xfc\xaf\xf5Y\x07~\xf5S\x94\xbf\xfe\x16\xc1o>\xe3{\x9bm\xc6\x8b\xd1\xb3N!e\x16\xf1\xc5\x9aVCq\xe7!\xf2n\xa7\xa7\x8c\x0c\xcf!\x96\x8e"\xfaU=3<\xcc\xdb,OpA\xb7kej\xbf\x04\xd0\xe0w\xee<D\xb3.\xad\xf4,\x87\xd8]q\xa8YB:\xfa\x15\xb4\xb8\xbd\xec\x83\x87\x01 \xe0\xf2~R\x06\xdb\x98\x84\xd1\x05\xaa\xdfct\xf9\x85n\xd0XJG\xf1\xd5s\x00\xf5\xc8\xb7\xe2\x9b\xd3Q\xe4by\xcc!\x8d\xa8|A\xdd\xf7\xdey\x98w\\\xfe\xd3\xed\xba\xfa\x0e)\x83\xc55`\xd9v\xf9\xb6\xfa|Y\xb5\xd3\xe6P\xcbvQB:\x9aC\xecE\x08\xdb6\xfd&\xb5N\xdey\x98\xe7J\x02\x97X\xf5]\xa5\xcc\xa2\x1c(K\x04hW\xb7\x08\xbeD\xdfo\xd7\xecj\xd5n\xf8m%\xd3\xc5P\xea\xb9\x0b{\\\x84O\x0e\x0e\x0ej7o\xde\xec@\xd6\x84\x10B\xc8G\xc2\xd5\xc0\x85t\x13%58\xc0\xc8e\xd7"\x0e|\xc8\xc7\xa0\xb3\x9d~\xbfB_\xd2\x1a\x9d\xac\xe7\xaf_\xbf\xf6\xe8\x06A=L7\xef\x8aEZ\x83\xdaz\x07j\xd5\x85\x04\x12H\xb58\xd0\xa4\xae\x1f\x97\xe1\xb9\xceu\x0e\xa9e{\x08$R\x1d\x1bhR#3\x861\xd7\xe2@\xb3\x17\xedJ_\xd2\x1a\x9d\xac\xe7\x00g6\t!\x84\x10B\x08!\x84\xb4\x19\xcelz\x90^\x88\xb0\xf4*\xd4\xd6;P+\x7fB]\xfd\x03\xb5\xec~\xa8Qg\xa0]\xdb\x0b\xed\xd9:\x9c\xd9$\x84\x10B\x08!\x84\x10\xd2V8\xb3\xe9A\x18a\xf1/\xd4\xd6;P+\x7fB]\xfd\x03\xb5\xec~\xa8Qg\xa0]\xdb\x0b\xed\xd9:\x9c\xd9$\x84\x10B\x08!\x84\x10\xd2V8\xb3\xe9A\x18a\xf1/\xd4\xd6;P+\x7fB]\xfd\x03\xb5\xec~\xa8Qg\xa0]\xdb\x0b\xed\xd9:\x9c\xd9$\x84\x10B\x08!\x84\x10\xd2V8\xb3\xe9A\x18a\xf1/\xd4\xd6;P+\x7fB]\xfd\x03\xb5\xec~\xa8Qg\xa0]\xdb\x0b\xed\xd9:\x9c\xd9$\x84\x10B\x08!\x84\x10\xd2V\xea3\x9bO\x9f>\xad\x8f\xdc\xf9\xd9\xfd\x9f\xddP\x06~R\xdb^\xff\xa4^\xfe\xfc\xec\x862\xf0\x93Z\xf6\xca\'u\xa2]\xbd\xf0\xd9\re\xf0\xf2\xe7\'\x07\x07\x07\xb5\xb1\xb11\x10o\xf0\xf8\xf1cLOO_v1H\x07\xa0\xb6\xde\x81Z\xf9\x13\xea\xea\x1f\xa8e\xf7C\x8d:\x03\xed\xda^h\xcf\xd68<<\xe4`\x93\x10B\x08!\x84\x10BH{9<<\xe4\x06A^\xe3\xf1\xe3\xc7\x97]\x04\xd2!\xa8\xadw\xa0V\xfe\x84\xba\xfa\x07j\xd9\xfdP\xa3\xce@\xbb\xb6\x17\xda\xb3u8\xb3I\x08!\x84\x10B\x08!\xa4\xadpf\xd3\x830\xc2\xe2_\xa8\xadw\xa0V\xfe\x84\xba\xfa\x07j\xd9\xfdP\xa3\xce@\xbb\xb6\x17\xda\xb3u8\xb3I\x08!\x84\x10B\x08!\xa4\xadpf\xd3\x830\xc2\xe2_\xa8\xadw\xa0V\xfe\x84\xba\xfa\x07j\xd9\xfdP\xa3\xce@\xbb\xb6\x17\xda\xb3u8\xb3I\x08!\x84\x10B\x08!\xa4\xadpf\xd3\x830\xc2\xe2_\xa8\xadw\xa0V\xfe\x84\xba\xfa\x07j\xd9\xfdP\xa3\xce@\xbb\xb6\x17\xda\xb3u8\xb3I\x08!\x84\x10B\x08!\xa4\xadxof\xb3\xb8\x81H$\xa2\xfc\xdb@\xb1~\xa2\x8a\xbdY\xf5\xf8,\xf6\xaab\x92\x88\x96f\xa3\xe8"\xaf\x86\x9bb\xc3\xe6\xba\xea\xde,"\xb3{\xa8\x9a\xa6\x15\xaeQ\xf2\x98\xad\x17N\xcc\xb7\xb1\xdcV\xb8\x8e\xb0\xbc\xdaC\xe4\xcb\xc7\xf5\x7f\xb3/\xe5\xcc\xab/\xff\x87\xee\xf8\xc6+5\xc1\xff\xc2\x86p\\K\xd3x\\KC\xda\t\xa3gV\x14\xb1!\xd41]\x9d\x16\xea\x94\xf1\xb8\xbe\xbe\x01u?aQ_\x8b\x1b\xee\xea p\xd9Z\x89\xfe\xce\xf8\x1d\xcd.\xdf\xc3\xac\xe0\xfb\xac|\xa2\x95]\x1b\x91}\x97\x96\xd4\xe8\xcbL\xfcYq\xc3\xc6\xcfZ\x7f\x1f\xd1w\xea\xfc\xb7\x90\xce\xaa\x9c\xe2\xf7q\xb4\x91\x02\xeb`3\x18\x9f\x03=\xd5\xbd\xd9\x86sv\xed\xa5e[-\xa7\xb4\xd5\xda\x0cji\x8f}\xdfE\xefs\x95\x14.4P|\x81\xd5Ca\xc0\xbb\x1a9\xd9\xc2h?\x17\xfd\xc8\x88\xdd\xf3\x8f\x06?n\x87\xf7\xec\xda\xbc/\xb1mSt\xfd{\xf3v\xdd4O\x0b\xba\xdf\x9e\x0e\xcf\xa3\xd9\xb3\xe3\xda~\x17\x1b\xf74pppP\xf3\x06oj\xa9\xd4\x1b\xed\xcf\x0f\xbb\xb5\x19\xe5\xef7\xa9\x99\xda\xee\x07\xe1\xba\x99\xdd\xda\x07\xf9DM\x9fdF\xf9\xbb1\xaf\x94\x96\x81\xc0\x87\xda\xeeL\xaa\xf6F\xb8n\xa6\x9e\xeeM-u\xebVmf\xf7Mm7\xa5\xdc\xcf\xb4\xd8\xa9\xda\x8c\x90\xb7VVC\x19\xda\xca\x87\xda\xee\xdf\xe6ue\xfa\x90\xc9\xd7\xde\xd4j\xb5\x0f\x99\xdd\xda\xee;\xe1\xba\xff\xba\xab|\xbf\x7f\xa9\xa5\xfe\xf6_L\xf22\x1eo\xcc\x9b\x90\xce\xf1\xa1\xb6;3S\x9b\x11\xea\xd8\x9b\x94P\'mh\xf0\x0b\xb7\xc4\xbf\rw\xd9\x9d\xa9\xcd\xcc\xa4,\xcfw\x13\x1fv\xf5\xe5\xd4\x7fO#oj\xa9\x99\x19\xcdo5\xf8D-/7v\xfd\xb0;S\xbbu+U{c\xc8\xa7\xf1\x9e\xaa^\x1fj\xbb3\xb7j\xb7Ro,\xf3o\xfc>\xcauF\xbf,\xde\xf3M\xaav\xeb\xd6Lm\xf7\x8d\x85\xef\xb6\xf9\x9e\xa4u\x1c\x9f\x837\xa9\xda\xcc\xcc\x8cp\xce\xa1\xbd\xb4l\xabk\xceZ\x93&q\xea\xbb4\xfa\\W\x1a|\xd8\xad\xcd\xdcr\xe7\x9b=\x8d\xa3-L\xce\x84\xff\x00\x00 \x00IDAT\x8c\xf6\xb3\xebG\xaa\x87\x9c\xfc\x93\xc1\x8f\xfb\x88\xe6}\x89S\x9b\xf2\xc1\xf0\\\x7f\xa8\xed\xee\x1a\xaej\xc8\xd3\xc38>\x8f\xc6g\xc7\xc9~v\xe3#\x97\xe3\x1e\x03\x07\x07\x075\x0f\xcdl\x86\xb1\xb0\x10\xd6\xfe\xec\x1f\xc4 \x00\xa0\x88\xecI\x1cc\xfd\xdau\xf7\xe3\xc78\xac\x02\x08/@\x9fd\xd0</\x00\'\xc7\xef\x1aoY=Dv0\x8e\xfa\x95\xfd\x13\x98FV\x1e\xe5W\xaf\xe3~\xa1\x80\xcd\x89\xeb\xb6\xa5.fO\x10\xd7\n\x87\xf0\xfd8\x8e\x0f\x9b\x8a\x07\xe8p\x1day\xff\x7f!~\xa3\xfe\xcf\xff\x02a\xcb\x8b\x9b\xa1\x1f\x83\xd0\xe7M\xdaC\xf7G\xcf>>\xd5\xbd\'\xc0\xca\n\xe2M\xa7,"\x8biL(U\xaf\xb8\x91E\xbc\xb0Y\xff\xdbp\x13<\xc1\nV\x9a\xb8\xc9ej\xd5?\xb1\xa0\xfb\x1e\xd7\x87\x06-\xaf-nd\x11\xdf\x9cF\xfd\n\x83O\x04N`\xe6\xfa,\x19[A\xa1\xb0`\xefK\x8aY`z\x02\xfd\xf5$\x05\x14\x16\xacS\x18\xbf\x0fp\x82\x93*\x80w\xc7\xc0\xa0\xee\x8bB>\x01T\xaf\xdfG\xa1\xb0\t+\xf7[=\x01\x86\x84s\xfd\x83p\xf5=Y\x07]b\xfb\x1c\x14\xb1\x91\x8dcsZx.\x9d\xdaK\xcb\xb6\xdaYk+\xa8\xa5\x05\x0eZ\x98\xf9\\g\r\xaa\xd8{\x02\xac8\xf9\x06\x03^\xd4\xc8\xd1\xf7\x18\xedg\xd7\x8ftI\x83\x1fw\xc0Svm\xd6\x97\xc0\xa9My\x87\xe3\x13\xc3\xa1\xe3\x13\xfd,\xb3I\x9evt\xb3=\x9d\x9eG\xb3g\xc7\xde~6\xe3#\x97\xe3\x1e3<4\xd8\xd4S\xdd\xcbb\xe8\xbeb\x90\xc1A\x88}\x15\xf3\x8eE\x15{\xd9!\xdc7\xda\xb7\xb8\x81\xc8*\xb0ba\xf8\xc1!\xbdQ\xeb\xfd\x9d\xfe~\x98\xf5[Mr\xd0\xf5\x97\xb4\xc2\x85\xb1\x10\xcf6\xbd\xcckzz\xda\xc5U\xfd\x98\xf8oC\xc8~\xf9\x18\x91/\xf7\x0cN\xed\xdf\xb0\xba\xa2.\x89\xcd\x02\xbf\x99\xd0*\xf9\xeb\xdf;/\x95}\xb5\x87I\x0c\xb5i\xe0JD\xdci\xdbC\x147\xb0\x8a\xfb\r\x03\xc4\xf0B\x1cYu\x89\x87\xd5R\x8eb\x16\x88+Oiu\x0f\xd9\x93\x13L\x9a.Q*bc\x15\xb8o:\n\xb5\xa6{\xb4*\xe2\xc9q\xdct\x10]\xdd\x9bE6n\xdd\xf9+nD\xb0\x8a\x95z\'\xdf\x8d]\xfb\xfb\x9d\xed$\x9a\x1e\xe8\x87\x8b$j\x89\xb17\x1bA6\xae\x04\x05\x84\xc1\xa5\x9c\x95\xe6\xd8\x9d\xca\xd1\xd0\x06\x18\xf3\xb2\xa0{t\xedn\xac\xed_\xc5\xdel\x16qc{\xea\xba\xbdT\xf2\x10\xdaj7\xcf\x9c\x19\xd4\xd2\x02;-,|\xae\xa3\x06\xc5\'\xc8\x9ed\xf1yG\xfa3\xdd\x85\xad-,\xecg\xd9\x8fT\xf3\x9c\xb8\x0f\xac\x9a/[t\xf2\xe3fx\xc9\xaeM\xfb\x12\xc76%\x8c\x85\x15`uv\x0fU\x14\xb1\x11Y\x05\xee\xab\xc1O\xab<\xed\xe9f{\xda=\x8f\xe6\xcfN\x13m\xb2q|\xd4\x94\x1f\xd7\xe3\xcd\xc1fu\x0f\xabj\x07\xabz\x02c\x10\xc3<\xc9*\x8e\xe3\x13\x06CU\xb1w\x12\xc7\xf6\xe0*\x9e\x14\x01q]\xfd\xec^\x15xw\xec*o\xfd}f\x05\x87Q\xc5\x89]\x06\xe1\x05\x14\n\x05\x14\n\x05\xac`\xd5\xd5\xfaq\xf7\x11\x96O\xb1\xf0h\x1a\x85G\xf2\xa0S}g\x13\xf8\xf7XY\x9dF\xe1\xd14\n\x8f\xe2\xc0o\x85\xc1\xe8\xcd_*\xc7\xa7\xb10"d%\x0cB#\x07C(\xfc\xe6S\x97e \xcd\xd0\xcd\xd1\xb3\x8fNu\x0f\xb3\xd986M\x07\x81a,(\xf5\xa6\xb0\x02\xac\x9a\xbd\xdf%\x06\x96\xde\x1d\xe3$\xbeR\xafk\x85xV\xe9\x0c)\r\xcf\xa6\xd1/8\xd3-Z\x157\x1ekA7\xfd\t\xdd@\xb2\x81\xea\x1eN\xe2\xdb\x18\\}"tl\x9c\xec\xea\x82\xea\x1e\xb2C\xf7/\x16\x8c*\x1e\x02\xd3+8y\xac\x0ct\xfb\'p\x1f\xab\xc2\xbb#\x938\x19r\x19Q\r/ \x9e\x15\xde\x81\xfa|U?KjA\xb7\xe8\xeaU\x8a\x1b\xab\xc0Js\x1dc#\xe6mu\xf3P\xcb&\xb1\xf5\xb9\x0eIO\x80\xc1\xe9\x95\x0e\xf6g<\x80\x95\xfd\\\xf5#\xfb1\xb1\xa9\xf8\xdeB\x1cY5\xd8\xe7\xe4\xc7-\xf0\x83][\xf1%\xd5\xc3,\x06\xe3\xc0j$\x8b\xa1\x15 {\xa8\xee\xebp\xb1<=i\xcf\x0b>;\x1a\xc6\xf1Qk\xfc\xa8\xf5,>6\xf2L\xc4\xca\xa6:\xd2\x1e\xc4\xe0\xc9\t\xaa\x08\xd7\x1b\xa7\xea\t0$n\xb0\xab\x18}\xb3\xc1\xe8\xfd\x98\x98\xe8\x07\xb0\x8d\xecF\x11\x08\xcb\x9d\xad\x05\xf5tu\x08\xc8\xbe\x03\x84f\xef\xdd108a]\xba\xfe\x89M\x14\xc4\xf3\x83\xf2\x92\xb0\xb0e\xe1\x94tcq\xe0P\xbc\xd0\x9c\xe6#,\x9fb\xe1\xd1\xa7(\xfev\x0fEL@\xdfU\xeb\xc7\xc4_\x02\x1b\xaf\x80\xf0\x88Er@\x1e\x84\xfe\xe6S\xe0\xfd?b\xe3U\xa0\xc9\xfb\x13\xb7ts\xf4\xeccS=\xcc\xe2p\xe7\x10\x91\x1d\xf1\xe8`\xe3\xd2\x8f\xfe1\xc4q\xa8\xab\xff\xa8\x1e\xe2xh\x0c\xbaj(\x0e4\xc2q\x0cf\xdf\x01\xd5\x13d\x0fwp\xa8\xbf\t\x06],\x05\xeb\x06\xad\xe4\xa8\xe5&\x16L\\F1\xbb\x83\xc3\x9d\x1dDV\xb5c\'C/\xb5\x8eP\xff\x84\x1c\xac\xdb\xceBq}z\xcc\xec\xea\xa6L\x87\xc7\x18\x1a\xb3q\x90v\x84\'0\x01`,\xbe\x81\xc3*0\xd1\xaf\xf7\xa7\xc5\x8d\r\x98\xaf\x83\xb6\xc8n\xa1\x80\xc2\x02\x00T\xb1\xb7q\x881\x17\x8dn7\xe8\xea]\x8a\xc8\xee\x1cbg\'\x02\xed\xb1;\xc1\xd0K\x8b\xe5\xeb\xa6YX\xb5\xd5\xcdC-\x9b\xc3\xb5\xcf\xb5`\xe8\xba&r\xe7\xfa3\xdd\x8b\xa5\xfd\xee7\xdb\x8f\x0c#>\x98\xc5;\x00\xef\x9c\xfc\xb8\x05\xde\xb7k+\xbe\xa4\x88\'\xc7\xd3\xf2RP\xc5\xc6\x83{{\xa8b\xf0\xc2yz\xd1\x9e\x8e}\x00G\x1a\xc7G\xad\xe0\xb1\x99M\xb3\x99\x08\xb9bj\xafAVqx<\xa4\xbd\xc3\xe96Zwr\xd2\xb8l\xac\x7f\x0c\xf1\x13qm}\x11Y\xc4\x9b\x8a\x8a\x84\xe3\x83\xf5\xa8\n\xa0v\xc6L\xcab|?\xc9\x02\xb7\x11\x96\xea{w\xcbX\xaa\xef\xff\xcd\xd5u\x00\x80k\x7f\x81\xfb8\xc4\xde{\xf7I\x88{<\x19=\xeb\x10\xfd\x13\x9b\xdaLd\xe1%V\x92+xi\xda\xe9y\x87c\xe8\x97\xd1\x17\x9fd\xf5u\xec\xfa\x10N\xb2BhN}\xa1\xaf\x7f\x02\x9b\xf5{\x14\xf0r%\x89\x95\x97\xee\xa2\x9e\x97\xae\x95C\xd42\xbcP\x10\xec\xb7\x8ddr\xdb\xd2\x07\x9e\x98./m\xb4\xab\x8bB\xe1IV\xf0\xbd\x17\xa6\xf1=\xd2\x8b,%\xab\x97jC\\Fe\xcf\xa5\xeb\xeai\x84\x99\xf1B\x01\x85\xed$\x92\xdbM\x0c4[\x98Y3\x83Z6\x87{\x9fk\x92v\x10\xba~N\xbb\xfb3^\xc0\xd2~M\xf7#\xab8\xc1\x10\xae\xa39?.\xe2}\xbb\xb6\xe8KtTq\x92=\xc6\xbb\x16\xf2\xf4\xa2=/\xfa\xec\x98b6>j\x12\x0f\xcdlV\xb17\xfb9V\x0f\x81z\xe8hl\x05/7\'\x10^\x98\x96\xdf5\x92\x0fb\xe5\xe5\xa6\xdc\xb1\xa8\xeea\xf6\xf3U\xe8\x93\xbc\xc4\xe6\xd8a\xfd\xb8L\x12\xdb\x85\x05\x93\xceH?&V\x860\x1b\x89(\xd7\xca\xd75Ex\x01\xd3\xd9\x08"\x11\xe1\xfe\xfd\x90\xd7BO\n!\xb0\xb1\x15\xbc\xdct\xce\xceU\x84\xe5\xfd?\xe2\xc9o\xff\x0fv\xbe\xff\x93\x96\xfd\x17\x7f\x89M\x00U\xe5\x9d\xcdz\xb0\xe3\xe6/Q\xf8\\\xf9\xff\xeb\xdf#\xf2\xe5\xef\xb5|n\xfe\x12\x85\xdf\xe8\xb3\xee\xff|\x08\xc7_\xee\xa1\xf8h\x82\xefm\xb6\x19/F\xcf>>ElD&\xa1\xd5\x1c\xb9\xbe\xd7\xa9\xee\xe11\xa6\xe5:\xa6\xd2?\x81\x95\xa1YD"J\x8d\x1f[\xc1\xcb\xcd\xd6:\xb4\x97\xaaU\xddwhQ\xcb\xe4v\xc1\xd5r\x99\xea\xde,>_\xd5<\x1f\x92\xdb(,\xf4\xc3\xd1\xae.\xa8\xee=\x06\xa67\x9b^\xfeX\xdc\x88@\xef\n_\xd6g\xb6\xd4\xf2\x8a\xc7\x9c\xf2\xca\xc6e[\xa8\xf9&\xb7\x0b\xa6\xb3\xbff\xb0\x0e~d\xaa{\x98]\x05VV\x80U\xb3\xb6\xba\x85\x81\'\xb5\xec<Z}\xd3\xf7sd\xbf\xe2\x9c\xbe74\xb2\xeaG\x16\xb1\x11\xc9"^\xb8\x8f\x13\xb5o\xab\x90\xdc.\xe0\x82\xebC\x00\xf4\x8a]\r\xa8\xbeds\x02\x0b\xf1\rD"\x93\xf5S\xb4\xa7\x1b\x94\xe7\xf1\xe5\x10\x1e\xbb\x1a\x1f5\x89w~\xfa\x84\xd4j\xb5\xda\xa3G\x8f.\xbb\x08\xa4CP[\xef@\xad\xba\x90\x0f\xbb\xb5\x99\x19\xf7\xdb\xb1\x9bA]?.oR\xb7:\xf6\xf3\x03\xd4\xb2\xc3\xb0\xbe\xb5\xc4\x87\xdd\x19\xdd\xcf\xe2\xb5\x93^\xb4+}Ikt\xf2y<88\xa8}rppP\x1b\x1bk|\x87\x90\x10B\x08!\x84\x10B\x08\xb9\x08\x87\x87\x87^{g\x93xq\xed8q\x07\xb5\xf5\x0e\xd4\xca\x9fPW\xff@-\xbb\x1fj\xd4\x19h\xd7\xf6B{\xb6\x0eg6\t!\x84\x10B\x08!\x84\xb4\x15\xcelz\x10FX\xfc\x0b\xb5\xf5\x0e\xd4\xca\x9fPW\xff@-\xbb\x1fj\xd4\x19h\xd7\xf6B{\xb6\x0eg6\t!\x84\x10B\x08!\x84\xb4\x15\xcelz\x10FX\xfc\x0b\xb5\xf5\x0e\xd4\xca\x9fPW\xff@-\xbb\x1fj\xd4\x19h\xd7\xf6B{\xb6\x0eg6\t!\x84\x10B\x08!\x84\xb4\x15\xcelz\x10FX\xfc\x0b\xb5\xf5\x0e\xd4\xca\x9fPW\xff@-\xbb\x1fj\xd4\x19h\xd7\xf6B{\xb6\x0eg6\t!\x84\x10B\x08!\x84\xb4\x15\xcelz\x10FX\xfc\x0b\xb5\xf5\x0e\xd4\xca\x9fPW\xff@-\xbb\x1fj\xd4\x19h\xd7\xf6B{\xb6\x0eg6\t!\x84\x10B\x08!\x84\xb4\x95\xfa\xcc\xe6\xe3\xc7\x8f\xeb#w~v\xffg7\x94\x81\x9f\xd4\xb6\xd7?\xa9\x97??\xbb\xa1\x0c\xfc\xa4\x96\xbd\xf2I\x9dhW/|vC\x19\xbc\xfc\xf9\xc9\xc1\xc1A\xed\xe6\xcd\x9b \xde\xe0\xe9\xd3\xa7\xb8w\xef\xdee\x17\x83t\x00j\xeb\x1d\xa8\x95?\xa1\xae\xfe\x81Zv?\xd4\xa83\xd0\xae\xed\x85\xf6l\x8d\xd7\xaf_s\xb0I\x08!\x84\x10B\x08!\xa4\xbd\xbc~\xfd\x9a\x1b\x04y\x8d\xa7O\x9f^v\x11H\x87\xa0\xb6\xde\x81Z\xf9\x13\xea\xea\x1f\xa8e\xf7C\x8d:\x03\xed\xda^h\xcf\xd6\xe1\xcc&!\x84\x10B\x08!\x84\x90\xb6\xc2\x99M\x0f\xc2\x08\x8b\x7f\xa1\xb6\xde\x81Z\xf9\x13\xea\xea\x1f\xa8e\xf7C\x8d:\x03\xed\xda^h\xcf\xd6\xe1\xcc&!\x84\x10B\x08!\x84\x90\xb6\xc2\x99M\x0f\xc2\x08\x8b\x7f\xa1\xb6\xde\x81Z\xf9\x13\xea\xea\x1f\xa8e\xf7C\x8d:\x03\xed\xda^h\xcf\xd6\xe1\xcc&!\x84\x10B\x08!\x84\x90\xb6\xc2\x99M\x0f\xc2\x08\x8b\x7f\xa1\xb6\xde\x81Z\xf9\x13\xea\xea\x1f\xa8e\xf7C\x8d:\x03\xed\xda^h\xcf\xd6\xe1\xcc&!\x84\x10B\x08!\x84\x90\xb6\xe2\xbd\x99\xcdR\x1a\xd1hT\xf9\x97F\xa9~BBfQ=\xbe\x88\x8c$&\x89ji\xd2%\x17y5\xdc\x14i\x9b\xeb\xa4\xcc"\xa2\x8b\x19H\xa6i\x85k\x94<\x163fW\x96\x90v\xc8C\xc5u\x84\xa5\xf8-\xa2_?\xad\xff[\xfc\xdd\x1f\xe5\xb2\xfc\xee\x85\xeex\xba\xa8&\xf8\xdfH\x0b\xc7\xb54\x8d\xc7\xb54\xa4\x9d0z&"\xd6;c\xbdn\xaeN\x8a\xf5\xaf\xc1\x17\xb8\xf6\x03z.W+\xd1\xdfY\xf9\x14\xf1\xf2\x0c\x16\xd3\x86oVJ7~_)\x83\xc5&lQJ\x0b\x9a\xe8\xd2\xda\xf8`\x0b?\'^\xa3~\x1f[\xddl\xee\xa7\\\xd0\x9c\x8d\x14X\x07\x9bA\xae\x87\xc6GKE\xca,6\x9c\xb3k/-\xdbj\x9d\xd6\xd6\xf73B-\x01\xb5\x1eX>\xffn}\x83\xee\x9cI\xbd3h\xe4\xd6\x97zW#\x07\xbb6\xf4\xe9\xec\xda,c[\'\xd8\xb6g\xec\xda\x9c/\xb1\xf4\x15\xda\x05\xe66\xebA_b?F1\x1b{\xd8=\xdb\x17kW\x01\xe0G\xcd\x14\xfar)!\x9d\x8b!\x9f\x9f\x93\xffT\x9cdjn\x18\xa5\xf4\x1a\xb0\x9cG>\xa0\\\xb7\x98\xc1h*\x81@)\x8d\\,\x0f-\xc9"\xd2\xa5\x14\xe6\x86\x1b\xf3Jg$\x0c\'\x02\x86{J\xc8,\xe6\x10\xcb\xe71g\xb8\xa7\\9\xbeBe\xf9!\x96\x83\x15\x9bb\xa7\xb1\x86e\xe4\xe5\xc2\xc9\x1d\xb4\xd1\x14\xb4[I\xc8,n\xa3\x12\x8c\xb9\xb2\xc2\xbd{\xf7\\\\\xf5Gd\x8e\xfe\x03^|\xf3\x19\xd4\xdbH\xbf\xfb\x03J\xf8\x05\xae\xe1\xcf\xb1\xfc7_ \xf1\x13\xe5\xba\xb5oQ\n\x7f\x86a\x00\xf8\xf9\x18\xf2\xbf\xfe\x99!\xaf\xff\xcfp\xfc\x8f\xc8\xfc\xdd\x1f \x85\x7f\x01\xa3\xb5Hk\xb8\xd3\xb6\x87\xb8\xf3\x10\xf9\xb9a\xc3\xc1\xe6\xebd \x91B>!\xe4\x90Y\xc4\xb3\xa0r\xbd\x85Oq\xe22\xb5\x922\xcf\x04\x7fg\xe6SDJH\xaf\xe5\x80\xe0\xa4\x9a\x1a\x99\xc5/\xb0\x16|\x88\x87wrb\xae\x90\xb3\xcd+\xf5\xba\x84t\xba\x84a\x0b[H\x99ElW\x82\x88Y\xa5U}\xb0\x94A.\xf4\xa2\xee\xff e\x90)\x01\t1\xdb\x06?\x9dFF\x9aC\xc2R7\x9b\xfbY\xda(\x8dRb\x0eN\xca\xb2\x0e\xbaC\xca,\xe2\x8b\xb5 \x1e>\xbc\x83\x9c\xd9\x05\xa54t\x8f\x9dS{i\xfa\x0c\x0c#\x11\x00J\xcf\xca\x98\xcc\xe7\x91R/\xcdd \r\'\x1c\xdb\x9f\x9e\xd7\xb2\x94F\xf4\xab\n\x96\x1f.\xc3\xbc\x8b\xe2\xd67@;\x9f\x0b\xe1E\xbd\xdeI\xc8\x08\x959\xb8\xfc\x02)s\'d\x89\'5r\xb4\xab\xb1Og\xd7f\x01\xc00\xe6\xd4s\xf2\r\x90^\xac`4\x00@\xf2\xbf]\x9b\xf6%\x96\xfd\xfaz\x02\xeb\xb1BO\xf9\x12\xa71\x8a\xc9\xd8\xc3\xe1\xd9\xbeh\xbb\n\xc0K3\x9b\xc3\x98\x13;>\x81 \x82\x00\x80\x12r\x95\x98\\1\x95\xeb\xee\xc6\xca8\x92\x00\x0c\xcfA\x9f$h\x9e\x17\x80J\xf9}\xe3-\xa5#\xe4\x821\xcd\x90\x81\x04&\x91\x93\xa3$\xd25\xdc\xcd\xe7\x91J\\\xb3-u)WAL+\x1c\x86\xef\xc6P>\xd2\xa2\x01\xb2x\xcbp7\xd4l"\xc2r\xfa\xff ~\xa3\xc0\xaf~\xe1\xea\x81p\xe6\xc7\x08B\x9f7i\x0f^\x8e\x9e}4Z\xae\x93\x12\x8e\xca1\xdc\x1d\x06\xac}\x8a3\x97\xa9U 1\xa7\x1bX^\x0bY\x97\xba\x94\xce!\x96\x9a\xd4}\xaf\xd1\xe5\xbc\xc9 \xfe=\xca\x08\n\x8d\xee5\x84P1\x8f\x86J\x19<\xc32\x96\xebN+\x80\xc4\\B\x9fV\xbd\xe1\xfb2\x8cmV\xb9b\x88\xa3V\x80\x90 Y \x084\xbacQ7\x9b\xfb\xa9y\x18l\x04TPq\x11\x84e\x1dt\xc9\xe82\xf2y\xabN\x86\xdc\xd9KM\n\xa28\xd5MC[\rT\x94g@B\xa5\xe1\x01*\xbbj\x7fz]K\xe9\xda]\xe4\xf3)X\x99\xdc\xbdoPy\x8frcev\xb5"\xcb\n/j\xe4d\xd7\x86>\x9d]\x9beF)\x07L:\x0f\x80\xec\xf0\x94]\x9b\xf5%\x96\xfd\xfa\xfa\x05\x16\xedz\x8f\xf9\x12\x07\x9fk6\xf6pz\xb6/\xda\xae\x02\x9e\x1al\xea\x9129\x84\xee*\x0fT0\xa8\xab\x98V\x9d\x95L.\x84\xbb\xc6\'\xba\x94Ft\rX\xb6p\xb0\xc1\x90\xde\xea\xd7B\x90\x8d\x1b\x08\xb8t\x06A\x04\xad\nWJc\rw-f$\xccq\x17a\xf91\x12\xcb?E\xee\xeb\xa7\x88~\xfd\xad\xc1\xa9\xfd\tk\xff]]\x12\xfb{\xe0\xaf?\xd3*\xf9?\x1f:/\x95-~\x8b\xaf\xf0\xd36\r\\\x89\x887\xa3g\x9db\x18s\xb1\x9c\xe9r\x8d\x96\xea\xa4t\x84rh\xd4\xf4:\x9dOq\xa0{\xb4*\xe1Y9f\xeaC\xa4\xcc"r1c#\x1e@\xc0\xd4H\xc6\xc1e\x00A\x985\xc4%\xa4\xd7\x80\xbbvN\xab\xf4\x0c\xe5\x98\xd2Y\x1a\x9e\xc32\xd6d\xfd\x14_kL\xdb\xe0\xaf\xeb\x82\x8a_\xc6Z7\xdd\xfd\x1a\x90\x97\xfd\xe4bV3\xbfz\xbaG\xd7\xee&`\xfe\x10\xa1>\x8bclO]\xb7\x97\xf2\x12\xb95,+\x1d\xca\x00\x12\xa9\x18r\xd14Ju-\xddE\xd2{]Kk\x8d\x9a\xf5\r*\xc3\x98[\x06\xd6\x163\x90PBZ\xae\xcc\xb2\xae\x81\x04\xeeb\xad\xe9\xe5\x89^\xd4\xc8\xce\xaeV}:\xcb6\xcb,\x8b\x1c\x10S\x85\xe9\x01\xbb6\xedK\x8c\xd7\x98\xf5\xeb\xc5+\xea\xedz\x8f\xf9\x12;\x9fk\xf1\x9c\xda>\xdb:\x9akW\x01\xaf\x0e6\xa5\x0c\xd6\xd4\x0e\x96Ti\x88\x9c\x9b\'Y3\xe9\x90H\xc8Tbx\x18\\\xc3\xb3\x12 \xae\x9d_\xccH\xa6Qy\xe7\xfb,\n\xeb\xc4M")\xc2wX\xcc\xc5\x9a^\x1e\xe1>\xc2\xf23\xcc}s\x0f\xf9o\xe4A\xa7\xfa\xce&\xf0\xe7X\xfe\x9b{\xc8\x7fs\x0f\xf9o~\t\xfc\xbd0\x18\xfd\xf9\x98r\xfc\x1e\xe6\xc2BV\xc2 4z\xf4S\x93\xa5\xb6\xa4\x1dx2z\xd6I\x86\xe7\x90\xcf\xe7\x91\xcf\xe7\xb1\x8c5\xb9\xa1\xbd@\x9d\x14)=+#f>2\xd3|\x8a\x0b\xbaE\xabRz\xdb|\x80\xac,\xdfw\xb1"X!\x80\xc4]`Mx\x9f\xe5\xabJ\x08\xfa.\x92\xd2\xf8\xa7\xec\xa2\xee%\xa4\xb7\xc5\xc6_\xc2Q.\x88\x18\xd6\x10\xcd\x85\xb0\x8c\x1c\x8e\x8c\x9d\xac\xe19\xc4r\xc2;8_\xacA\x1f\xa1\xb3\xd1\xad\xe1~\xc6\xd3G\xc0\xe42*\xdbm~\'\x9e\x98"\xbf\xd2\xe2\xae\x03g\x8a\x94A%\xf6\x10\xc1\xb5gZ\xbbT\xca\xa1\xb2\x1cB.\xba\x06\xc4\xee\xe0y\xce]\x8f\x9bZZ\xd0\xb4o\xd0\x90\x8er\x08\xc6\x80\xb5h\x0e\xa1e \'T\xe6@"U\xf7\xd7\xb1\x9c\xd9{\xd4\x8d\xf8J#\xab>]3m\x96\x94A.tWW\x7fz\xd5\xaen|\x89y\xbf^w\x81\xbe]\xa7/\xb9\xf0\xd8CG\x93\xed*\xe0\xa9w6U\xe4\xc8\xfarJy\x04\x03A\x04+\x15H\x18\xd6\xde\xd7\xa9\x00\xa1Q1\x89\xec\\S\rOm\x00\x89D\x00H<D.]\x02\x86\rk\xe7\xa5\x10\x90{\x0f\xb1\x07\xfa\xbe\x0c\x04\x13\xc6|\x84\x1c\r\xef\x19!(O3\x0f\x1b\n\'\x1dm\xe3\xe8\xf9\x11\xa2\xcf\xc5\xd4A\x9b%,2\xcdGX~\x86\xb9o~\x86\xd2\xdf}\x8b\x12>3t\x1e\x7f\x8c\xc4\x7f\x06\xd2E`8l\x91\x1c\xd0\xde\xd9\xfc\xfe\x0fH\x17\xffc\x93\xf7\'n\xf1d\xf4\xec#\x11\x18\x8d\x01G\x120\xda|\x9d\xd4(!\x87\x98\xf0n\x8cv\\\xe7S\\\xd0\rZ\xc9\xb3\x13)\xcc\x99\xb4\x19\xa5\xdcs\x1c=\x7f\x8e\xe8\x9av\xac\x12rx\xf7\'\x90@Ju^\xa54\xd204\xe2\xd2\x11rG\xcfq\xa4wZ\x08\xd6\x97@\xa9\x83\xd19-]\xe9\x19\xca\x93\xf2\xb2\xa7D\x02\x00\x82\xc8d$\x18G\xf5\xc3s\xea;8\x122\xe9#\x8c\xea\xa4\xb0\xd2\xcd\xe4~F\x86\x13H\x00\x18\x8d\xa5q$%\x1c\x83\t\xdd\xa0\xabw)!\xf7\xfc\x08\xcf\x9fG\xa1=v\x15\x84^\xb8\x8f~# k\x94x\x98\x83\xdc$\xcb3\x17\xcbs\t\x04\xe4\x07\x08\xa3\xc8\xa0\x84a\xbe\x7f{A.\xe4\x1b\xe4\x94xV\x9e\x94\x97(*Z\x043\x19HF?\x01`8\x164\xbaiS\xfc\xa4\x91t\x943\xef\xd3\xddu\xdffIGe\x84F\xad\x1b\xb3\xde\xb1\xab\x0b_b\xd9\xaf\xd7\xf2\xd0\xb7\xeb\xf4%\x80\xcds\xdaL\xf4\xa9\xc9v\x15\xf0\xdc\xcc\xa6Yd}\x18\xb1\xa0\x18-\x97pT\x0ei\xefp\xba\x1d\xc5WL\xde=\x08\x8c"V\x11\xd7\xd6\xcb\x9d\x9ef\x02\x82\xc3\xb1\xa0.\xfa\';\x93\x80.Z\x95\xcf\xbf\xc0\xf2\x9de\xbcp!\xb6\xdb\x08\x8b\xf4\xfd\x1f\x9d/\x02 }\xff\'W\xd7\x01\x00~\xf2\x0b\xdc\xc5?!\xf3\xbd\xfb$\xc4=\xbe\x8a\x9e\xb5\x9b\xf7ey\xb6\xab\x85:)e\xb6\x85\xf5I\xf5\xa3.f\xeb\x1a\xb9t\xad\x1cf\'\x86\xe7\xf2\x82\x7fy\x88;w\x1e\xba\x8fd*>\xb3!\xef@\x02\xa9\xbc\x96\xef\x8b\xe5;X~\xa1E\x9e]\xcdjI\x15\xe4\xcc\xde\x8f\x17\xf3\xb8\xab\xd7\xc2\\\xb7fg\xd1*&\xafV4r\xe9\xbaz\x1a9X[\x7f\xee\x1e\xde\xc1\x9d\x87M\x0c4\rT,\xd6\x19\xbe/\xe7\xf8\xfem\x0b\xb4\xe4\x1btH\xa8\xe4\xcc\xdfy3\xbe\x87m\x85\x9f4\xb2\xec\xd3\xb9n\xb3Jx\x96\x13\xfa\xae&\xf4\x8e]\x1d|\x89c\xbf\xde]\xbb\xde\x8b\xbe\xe4\xa2c\x0fs\xdc\xb5\xab\x80\xa7f6\x95\x9d\xd2\x8e\x80\xfa\x90|t\x19/R\t\x0c\xcfM"\x17U# \xa3X~\x91\x92\x1f0)\x83\xc5/\xd6\xa0O\xf2\x02\xa9\xd1\xa3\xfaq\x99;x\x987\x8b\x8e\x07\x90X\x0ea1\x1aU\xae\x95\xafk\x8a\xe19L\xe6\xa2\xf5(\xe2\xe8\xf2\x0b\xa4Z\x98\xbdv\x15a\xf9\xfe\x0fx\xf6\xf7o\xf1\xfc\xf4\xac~h\xf4?\x8d#\x05@R\xde\xd9\xacG\x8b~>\x86\xfc\xaf\x94\xff\xff\xf3!\xa2_\x1fj\xf9\xfc|\x0c\xf9_\xeb\xb3\x0e\xfc\xea\xa7(\x7f\xfd-\x82\xdf|\xc6\xf76\xdb\x8c\x9f\xa2g-SJ#\xfa\x95\x10z\x1b]\xc6\x8b\x14p\xf1:Y\xc2\xb3\\\x0cwS\xe21k\x9f\xd2\xd5\xbb\xd3\xd5m\xa3\xcdN\xdcy\x98\xbf\xd0\xb28\x1d\xaa\xbf\x1c]\xc6\x8b&fy\xe5"E!\x17I\xf5\xc3\xb2.\xc3\xc3s\x88\xa5\xa3\x88~\xa5^y\x07\x0f\xf3\x8d\x91{5\xfd\x9d\x87y\xc3L\xad\x99n\xd6\xf7C:\x8a\\,\x8fXN9\xaf0\xba\xfc\xc2&\x02\xae\xc1:\xf8\x91\x912X\\\x03\xfeK,\x87\xbf^\xd3Zdy\'j\xf9AH\xdc\x85P\xdf\xdd\xb7\xa1\xd4\xb2]\x94\x90\x8e\xe6\x10\xcb\xcfa.\x96FT\xab\xcc\xb8\xf30\x8f\x04\xd4\x1dE\r\xfa\xb9Xm\xd2\x1b\x1aY\xb5Y\x9a]\x87\xa1\x04\xd5&S\x86@\x1b\xed\xda\x80]\xbf~\rXN\x8d\xe2\xc8\xa2]\xa7/\xb9\x18\xa5\x16\xdbU\x00\xf8\xe4\xe0\xe0\xa0v\xf3\xe6\xcd\xce\x94\x90\xb4\x9d\xa7O\x9f\xf6\xfc\x83\xefW\xa8\xadw\xa0V]\x882pYnr\x96Z\x84\xba~\\\xd4NL\xcb\x81\x12\x13\xa8e{\x902\x8b\xf2r\xc5V\xde\xf1\xb2\xa0\x975\xa2]\xdb\x0b}I\x87hC\xbb\xfa\xfa\xf5k\x0e6\t!\x84\x10B\x08!\x84\xb4\x97\xd7\xaf_{\xed\x9dM\xe2\xa7\xb5\xe3D\x0f\xb5\xf5\x0e\xd4\xca\x9fPW\xff@-\xbb\x1fj\xd4\x19h\xd7\xf6B{\xb6\x0eg6\t!\x84\x10B\x08!\x84\xb4\x15\xcelz\x10FX\xfc\x0b\xb5\xf5\x0e\xd4\xca\x9fPW\xff@-\xbb\x1fj\xd4\x19h\xd7\xf6B{\xb6\x0eg6\t!\x84\x10B\x08!\x84\xb4\x15\xcelz\x10FX\xfc\x0b\xb5\xf5\x0e\xd4\xca\x9fPW\xff@-\xbb\x1fj\xd4\x19h\xd7\xf6B{\xb6\x0eg6\t!\x84\x10B\x08!\x84\xb4\x15\xcelz\x10FX\xfc\x0b\xb5\xf5\x0e\xd4\xca\x9fPW\xff@-\xbb\x1fj\xd4\x19h\xd7\xf6B{\xb6\x0eg6\t!\x84\x10B\x08!\x84\xb4\x15\xcelz\x10FX\xfc\x0b\xb5\xf5\x0e\xd4\xca\x9fPW\xff@-\xbb\x1fj\xd4\x19h\xd7\xf6B{\xb6\x0eg6\t!\x84\x10B\x08!\x84\xb4\x95\xfa\xcc\xe6\xd3\xa7O\xf1\xf4\xe9S\xfc\xd9\x9f\xfd\x19?=\xf0\xd9\re\xe0\'\xb5\xed\xf5O\xea\xe5\xcf\xcfn(\x03?\xa9e\xaf|R\'\xda\xd5\x0b\x9f\xddP\x06\xaf~\x02\xca\xcc\xe6\xd8\xd8\xd8\xa5\x8ez\x89{\x1e?~\x8c\xe9\xe9\xe9\xcb.\x06\xe9\x00\xd4\xd6;P+\x7fB]\xfd\x03\xb5\xec~\xa8Qg\xa0]\xdb\x0b\xed\xd9\x1a\x87\x87\x87|g\x93\x10B\x08!\x84\x10BH\xfb\xe1\xcc&!\x84\x10B\x08!\x84\x90\xb6\xc2\x99M\x0f\xf2\xf8\xf1\xe3\xcb.\x02\xe9\x10\xd4\xd6;P+\x7fB]\xfd\x03\xb5\xec~\xa8Qg\xa0]\xdb\x0b\xed\xd9:\x9c\xd9$\x84\x10B\x08!\x84\x10\xd2V8\xb3\xe9A\x18a\xf1/\xd4\xd6;P+\x7fB]\xfd\x03\xb5\xec~\xa8Qg\xa0]\xdb\x0b\xed\xd9:\x9c\xd9$\x84\x10B\x08!\x84\x10\xd2V8\xb3\xe9A\x18a\xf1/\xd4\xd6;P+\x7fB]\xfd\x03\xb5\xec~\xa8Qg\xa0]\xdb\x0b\xed\xd9:\x9c\xd9$\x84\x10B\x08!\x84\x10\xd2V8\xb3\xe9A\x18a\xf1/\xd4\xd6;P+\x7fB]\xfd\x03\xb5\xec~\xa8Qg\xa0]\xdb\x0b\xed\xd9:\xde\x1al\x167\x10\x89D\x94\x7f\x1b(\xd6OT\xb17\xab\x1e\x9f\xc5^UL\x12\xd1\xd2l\x14]\xe4\xd5pSl\xd8\\W\xdd\x9bEdv\x0fU\xd3\xb4\xc25J\x1e\xb3B\xe1,\xcbf\xc3\xf4\xf4\xb4\xab\xeb\xf0j\x0f\x91/\x1f\xd7\xff\xcd\xbe\x94\xef[}\xf9?t\xc77^\xa9\t\xfe\x176\x84\xe3Z\x9a\xc6\xe3Z\x1a\xd2N\\k\xdb\x13\x88\xf5N_\xafu\xf5\xc6P\xa7\x00\xf3:\xa9K\xa3\x9e\xab\xeea6\xa2\xcf\xcb\xde\x17h\\\xaeV\xa2\xbfk\xfc\xfe\xf5\xab,\xfc\x8e\xce\xf7\xe9\xfc\x8e\xbd\xafkHkqMuo\x16j\xb6b\x19\xec|\x9d\xa8O\xe3\xf7Q\xbe\xaf\xa0iC\xbev\xfe\xb3\xba\x87\xd9v\xfbWb\x83\xac\x97\xd5s\xd9\xa0\x87\xd33\xa5\xab\xa7\xfa\xf6\xdd\x0eji\x8f}\xdf\xa5\x88\x8d\x86s\x0e\xba\xaa\xe9:\xd1\x9f\xe9:\x9claf?\xd96f\xa6q\xf6g~\xb7\xab\xb5m\x00}\x9b\x02\xb8\xe8;[\xf8\x94\xa6\xda\r\x81\xee\xb7g\x93>\x17Pld\xdf\xdf\x91\xed%\xf8\xdc\x86>\x93\xbb\xfe\x12\x00\xe0\xe0\xe0\xa0\xe6\r\xde\xd4R\xa97\xda\x9f\x1fvk3\xca\xdfoR3\xb5\xdd\x0f\xc2u3\xbb\xb5\x0f\xf2\x89\x9a>\xc9\x8c\xf2wc^)-\x03\x81\x0f\xb5\xdd\x99T\xed\x8dp\xddL=\xdd\x9bZ\xea\xd6\xad\xda\xcc\xee\x9b\xdanJ\xb9\x9fi\xb1S\xb5\x19!\xefzY\x1b\xca\x96\xaa\x99\x16\xc1\xc0\xa3G\x8f\x9c/\xaa}\xa8\xed\xfem^W\xa6\x0f\x99|\xedM\xadV\xfb\x90\xd9\xad\xed\xbe\x13\xae\xfb\xaf\xbb\xca\xf7\xfb\x97Z\xeao\xff\xc5$/\xe3\xf1\xc6\xbcI{p\xa7m\xaf`\xa8\xa3\xe2\x99\x94P\'\x8di\xcc\xea\xa4\xb1~\x7f\xd8\xad\xed\x9ae\xa0\xab\xdf\xf6\\\xa6VF_aj\x0f+\xbfc\xf8\x8e\x9aO\xb4\xf3u\xf5\\,}\xb0\xee\xbe335+3j\xf7\xd3\xa7\xb1\xf6\x85oj\xa9[3\r\xbe\xd1\xad\xbf\x94\xdb\x83\x19O\xe8\xea\x0b\xde\xa4j\xb7n\xcd\xd4v\xdfX\xb5\xa9F=\x9c\x9e\xa9\x0f\x86\xf6Uh\xdf\x1d\xa0\x96V8\xf5]>\xd4vgfj3\xe29G]k\xb2v\xb7\xac|\xb39\x9e\xd4\xc8\xd1\x16\x8d\xf6\xfb\xb0;S\xbbu+U{c\xf0u\xf5\x14v\xfe\xcc\xe7vu\xb2MC\x9b\xe2\xd8w\xb6\xf6)\xee\xdb\r=]m\xcf\xa6}\xee\x87\xda\xee\xcc\xad\xda\xad\xd4\x1b\x9b\xbeT\xad\xf6&uK\xd7\x87\x90\x93\xda\xd4\x7f\x1b\x0e\x0e\x0ej\x1e\x9a\xd9\x0cca!\xac\xfd\xd9?\x88A\x00@\x11\xd9\x938\xc6\xfa\xb5\xeb\xee\xc7\x8fqX\x05\x10^\x80>\xc9\xa0y^\x00N\x8e\xdf5\xde\xb2z\x88\xec`\x1c\xf5+\xfb\'0\x8d\xac<\x92\xaf^\xc7\xfdB\x01\x9b\x13\xd7mK]\xcc\x9e \xae\x15\x0e\xe1\xfbq\x1c\x1fV\x1b\xca\x06\x9c\xc0\xac\x08F\\GX\xde\xff_\x88\xd9\xf5\x7f\xfe\x17\x08[^\xdc\x0c\xfd\x18\x84>o\xd2\x1e\xba?z\xd6\xe5X\xd5\xc9w\xc781\\z|\xd2\x18\x01\xac\x1e\x1e#~\xdf]-\xb9L\xad\xfa\'\x160\xd1/\x1e9\x81\xf1\xebX\xf9\x9d\xeaa\x16\x83q\xed;\xf6OL\x03\xd9\xa2\xbd\xaf\xd3r\xb1\xf0\xc1\xf5\xbbb#\x1b\xc7\xe6\xb4\xfe\xa8F\x15\x87\xc7q\x18M\\=\x01\x86\x04\xc9\xfa\x07Q\xf7\x85\xc5\x8d,\xe2\x85M\xc3\xf7uOq#\x8b\xf8\xe64\xacJd\x84u\xb05\xaa\xd7\xef\xa3P\xd8\x84U\xb3\xd8\xa8\x87\xd33\xd5\x8f\x89\x85\th\xf2_\xc7\x90K1\xa9\xa5\x05\x0e}\x97\xea\xde\x13`e\x05q]\x12{]\x81*\xf6\x9e\x00+\x85\x85\xa6\xfa\x19^\xd4\xc8\xc9\x16f\xf6\xc3\xd8\n\nM\xdaF\xc9\xcd\xffv\xb5\xb5\x8dI\x9b\xe2\xd8wv\xf2)\xcd\xd3\xcd\xf6l\xde\xe7\x02c+\x05\x14\x16l\x9e\xa8\xe2\x06\xb2\xf1\x026/\xda\xf0\x9a\xe0\xa1\xc1\xa6\x9e\xea^\x16Cj\xafep\x10\xa2I\xc4\xce\x8a\x90\x02{\xd9\xa1\x86\x8e\x0e\x8a\x1b\x88\xac\x02+\x16\x86\x1f\x1c\xd2+x}\x08r\xc7\xae\xbf\x1f\xeed\x18\xc4\xa0C\xe1\x8a\x1b\x11\xacb\x05v\xda\xab\xb8[;\xde\x8f\x89\xff6\x84\xec\x97\x8f\x11\xf9r\xcf\xd0a\xfc7\xac\xae\xa8Kb\xb3\xc0o&\xb4J\xfe\xfa\xf7\xceKe_\xeda\x12Cm\x1a\xb8\x12\x11\xbe\x17 \x12\xc6B<k\xba\xb42\xbc\x10G\xd6\xb8$\x16\xb0\xae\x93\xe1\x05\xac`U\xceC\xa9\xef\xf7\x1b\x9ch\x15\x87\xc7CB\xd0\xca\x9e\xee\xd0J^:\x93\x8d\x9b\r\xc6\xac\xfc\xce \xf4.\xed:\x86p\x82*l|\x9d\xd5\xddE\x1f\x8c*\xf6f\xb3\x88\xdb9\xb1\xea!\x8e\x87\xc6\x1a4jp\x89\xea\x8d\xab{\xc8\x9e\x9c`\xd2d\xc9S\xff\xc4}`\xd5y9o6\xde\\\'\xad;t\xf5.\xfd\xfd\xd6\x15\xc8\x8d\x1e\xfag\xca\x84\xe2\x13\x1c\xc7\'\\\xb5\xbd\xd4\xd2\x02\xbb\xbeKq\x03\xab\xb8\xdf\xe0O\xect\x95\xd3=A\xf6$\x8b\xcf\x1d\x96\xf6\x1b\xf1\xa2F\xb6\xb6\xb8\xa0\xfd,\xfdY\x0f\xd8\xd5\xda6\xcem\x8a\x9b\xbe\xb3\xe8S\xdc\xb4\x1bft\xb3=\x9b\xf7\xb9\xfd\xb0\x7f\x1c\xab\xd8\xcb\x9e\xe0d\xd2\xc4N\xfd\x13\xb8\x8f\xd5z\xbf\xcc\xe5*d\x00^\x1dlV\xf7\xb0z\x1c\x97+t\xf5\xa4a\xd6\xc2<\xc9\xaaI#U\xc5\xdeI\x1c\xdb\x83\xabxR\x04\xc4w\x96f\xf7\xaa\xa63"\xce\xf7\x99\x15\x04\xaa\xe2\xc4)\x83\xea\x1eN\xe2\xdb\x18\\}\xd2\xe6w\xc5>\xc5\xc2\xa3i\x14\x1e\xc9\x83N\xf5\x9dM\xe0\xdfceu\x1a\x85G\xd3(<\x8a\x03\xbf\x15\x06\xa37\x7f\xa9\x1c\x9f\xc6\xc2\x88\x90\x950\x08\x8d\x1c\x0c\xa1\xf0\x9bO]\x96\x814C7G\xcf.\x85\xf0\x02\n\x85\x02\n\x85\x02V\xb0*8\xb60\x16\x94\xe3\x85\x15`\xd5\xd1\xe3Uq\x98\x1dD\x1c\xab\x88d\x87\xb0\x82\xac\xbc\xf2A\xa4\x89N,\xd0%Z\x15\x0f\x81\xe9\x15\x9c<n|\xb7\xca\xca\xef\xbc;\xb6<\xd1\x9c\xaf\x13}0\x80\xe2\xc6*\xb0b?\x90(>9F\xdc,R\x1a^@<+\xbc\x07\xf2\xf9*0\xd8/\x97)\xbeR\x7f\x06\n\xf1\xac\xd0\xd9\xea\xc7\xc4\xa6r\xbc\x10G\xd6\xf8~Tq\xc3u\x00O\xa4+t\xf5#n\xf40<S&\x99`\xe3\xb1I\xc0\xd8\x02j\xd9$\xd5=\xccf\xe3\x17\x9a\xcd\xa8\x9e\x00\x83\xd3+\x16\xfe\xda\x1a_i\xd4\x82\xfd\xac\xfcY/\xdb\xd5\xb1Mq\xd3wn\xf0)\x0e\xed\x86\x05\x9e\xb4\xe7\x05\xdb@\xe0\x1d\x8eO\xe2X)\x98\xdb\xa9\x7fb\xb3\xfe<\xc6\xb3\xee\xdf\xa1\xffQ\xb3\xc5\xb8|\x8a\xd8X\x05V6\x15\x0b\xf6\x0fb\xf0\xe4\x04U\x84\xeb\x1d\xc5\xea\t0$\xfe\x9a\x8bb\xf4\xcd\x06\xa3\xf7cb\xa2\x1f\xc06\xb2\x1bE ,wb\x17\xd4\xd3\xd5! \xfb\x0e\x10\xba\xa0\xef\x8e\x81\xc1\t\xeb\xd2\xf5Ol\xa2 \x9e\x1f\x94\x97\xb8\x85\xad\n\xd7?!W\x84\xed,\x94"\xd8\xf2\xf8\xf1\xe3&\x1f\xfcO\xb1\xf0\xe8S\x14\x7f\xbb\x87"&\xa0\x9f\xbb\xe8\xc7\xc4_\x02\x1b\xaf\x80\xf0\x88Er@\x1e\x84\xfe\xe6S\xe0\xfd?b\xe3U\xa0\x89{\x93fh^\xdb\xde\xa1\x7f,\x0e\x1c\x8a\x15\xa9~\x02q\x1c\xea\xea\x7f\x03\xc5\'8\x9e\x96\x97\xde\xc8Us\x10{{U\x88\xbd\xdab\x16\x88/Xe\xd0HWh\x15\x9e\xc0\x04\x80\xb1\xf8\x06\x0eu_\xa7\x1f\x83\x16~\xe7:\x8c.\xed\x1d\x8e1(/\xc1q\xed\xeb\x0c>\x18Edw\x0e\xb1\xb3\x13\xc1j\xfd\x9a\x13\x0c\xbd\x14g\\\x8b\xc8"\x0e+\x13\x87\x17\n(,\x00@\x15{\x1b\x87\x18\x0b\x03(\x02\x83\xe2\xf4l8\x8eAC\x19\x95\x13\x88\x0ff!\x9e)fwp\xb8\xb3\x83\x88V \x9c\x0c\xbdt\xec\x08v\x85\xae>\xc4Y\x0f\xe33eD\x99\xe5\xd8\\p\x1d\x10\xa2\x96\xcdQ=\xcc\xe2p\xe7\x10\x91\x1d\xf1\xe8\xa0\xfdr;\x81\xa1\xeb\x9a2\x96\xfe\xda\x80\x9f4j\xd5~\x1a\x9a?\xbb\x8e^\xb5\xab\x8b6\xc5\xb1\xef\xec\xe4S\x1a\xdb\r+\xbch\xcf\x8b\xb6\x81\x00\x0c\xabE\xad\xed\x14\x8e\x0f\x1a\xbb\r\x96xlfSmp&\x1a\x0c\xa1\xcdT\x18\x96\xc3\xb9\x8d6\x9d\x9c4F8\xfa\xc7\x10?\x11\xdf[\x92;L\xcd\xb8\x8ep|\x10Ya\x1a\xa5zx\x8c!\x8b\xb5z\'vk\xd6\x14\xdc>\xf0\xd5\xf7\xee\xc2\r\xd5\xf7\xff\xe6\xea:\x00\xc0\xb5\xbf\xc0}\x1cb\xef\xbd\xfb$\xc4=^sf\x1f\x95w\xc7\xd0\xaf\x0b\xad\x9f\xc01\x06]w@\x01\x00\xd5\x13d\xc5u\x9b\xd5=<n\xb2^w\x97V\x8d\xef{[\xf9\x9d\xfe\xb18N\xb2\xe2\xb6~Y \x1en\xc2\xd7\x99\xfb\xe0\xfaLs\xa1\x80\xc2v\x12\xc9m\xfd\xd2\xde\xea\xdec\xf9>\x0e\x147V\x81\xfbJ\xde\xd7\x87\xf4e5\xbe\xdc)\x94\xe9\x04C\xba@ZxA(Oa\x1b\xc9\xe4\xb6\xabF\xb6\xbbt\xf5\x0f\xf6z\x98=Sz\xdc\xcc\x9c\x1b\xa1\x96\xcd!\xceX\x14\n\x12\xe3{J\x00\x00\x03\x1bIDAT/\xb1\x92\\\xc1K\x97\x03\xa5\xfeA\xe8\xfc\x8d\xb5\xbf\xd6\xe3\'\x8dZ\xb1\x9f\x1e\xcd\x9f\xf5\xae]\x9d\xdb\x14\x91\xc6\xbe\xb3\xb3O1k7\xac\xf0\xa2=/\xda\x06\x02\xd71\xa4\xeb\x0bX\xdb\xc9\xb2I6\xc1C3\x9bU\xec\xcd~\x8e\xd5C\xa0\x1e:\x1a[\xc1\xcb\xcd\t\x84\x17\xa6\xe5w\xb8\xe4\x83Xy\xb9)?`\xd5=\xcc~\xbe\n}\x92\x97\xd8\x1c;\xac\x1f\x97Ib\xbb`\x161\xed\xc7\xc4\xca\x10f#\x11\xe5Z\xf9\xba\xa6\x08/`:\x1bA$"\xdc\xbf_^n\xfb\xf9\xaaV\x02$\xb7QXp~\x10\\EX\xde\xff#\x9e\xfc\xf6\xff`\xe7\xfb?\xd5\x0f\x8d}\xf1\x97\xd8\x04PU\xde\xd9\xac\x07;n\xfe\x12\x85\xcf\x95\xff\xbf\xfe="_\xfe^\xcb\xe7\xe6/Q\xf8\x8d>\xeb\xfe\xcf\x87p\xfc\xe5\x1e\x8a\x8f&\xf8\xdef\x9b\xf1b\xf4\xacc\x147\x10\x99\x14B\xc4c+x\xb9\t\xc8K\xdd\'\xa1\x9d\x91\xeb\xbb-\xe1\x05\xc47"\x88L\xaa\x07\x92\xd8\x16\x96\x1f\x14\x9fd\x11\xbf\xef\x90\x87\x81\xcb\xd4\xaa\xb8\x11\x81\xde4/\x1bWmX\xf8\x1d`\x02+C\xb3\x88D\x14\xdf\x93\xdcVf\x14\xdd\xf8:k\x1fl\xef\xb9\x8ax\x92\x8d\xc3\xce\xc4\xeawJn\x17\xb0 D\xaeue\x1d[\xc1\xcb\xcd~}9\xa0~\x8d\x02&\x94|\xb2\xf1\xc2\x05\x96\x0e\xc9\xb0\x0e~l\xac\x9e\xa9A<\x89d\x11/,\x00\xea\xf3^\x9f\xe5\x90\x9fM\'\x89\xa9e\xe7\xd1\xea\x9b\xde\xdfh~\xc5\x9e\xde\xd6\xa8\x88\x8dH\x16\xf1\xc2}\x9cX\xf83\xa3\x1f\xa7]m\xfa\xce\xd5=\xcc\xae\x02+\x9bc84\xf5)\xc2\xf1zR\xc5\xce\x0e\xf8\xd9\x9e\x1a\xea\xf3\xb8`\xe8\x0bhc*S\xdb\xbb1 \x80O\x0e\x0e\x0ejccc\xceW\x12B\x08!\xddJ\xbd\xb3\xe1\xfe\xdd[\xd2\x9dT\xf7f\xe5W_\xda\xb8\x1b"i3\xaco-\xc1g\xbc\xbd\xb4\x1ah\xecu:\xf9<\x1e\x1e\x1ezm\x19-\xe9\xe6]\xb1HkP[\xef@\xad\xba\x90\xfe\tl\xb6\xd8\xf1\xa5\xae\xddA\xff\xc4f\xcb\x9d\x1ej\xd9aX\xdfZ\xa2\x1d\xcf\xb8\x15\xbdh\xd7\xf0B\xe7\x06\x9a\xbd`\xcfN>\x8f\x00g6\t!\x84\x10B\x08!\x84\xb4\x19\xcelz\x90^\x88\xb0\xf4*\xd4\xd6;P+\x7fB]\xfd\x03\xb5\xec~\xa8Qg\xa0]\xdb\x0b\xed\xd9:\x9c\xd9$\x84\x10B\x08!\x84\x10\xd2V8\xb3\xe9A\x18a\xf1/\xd4\xd6;P+\x7fB]\xfd\x03\xb5\xec~\xa8Qg\xa0]\xdb\x0b\xed\xd9:\x9c\xd9$\x84\x10B\x08!\x84\x10\xd2V8\xb3\xe9A\x18a\xf1/\xd4\xd6;P+\x7fB]\xfd\x03\xb5\xec~\xa8Qg\xa0]\xdb\x0b\xed\xd9:\x9c\xd9$\x84\x10B\x08!\x84\x10\xd2V8\xb3\xe9A\x18a\xf1/\xd4\xd6;P+\x7fB]\xfd\x03\xb5\xec~\xa8Qg\xa0]\xdb\x0b\xed\xd9:\x9c\xd9$\x84\x10B\x08!\x84\x10\xd2V8\xb3\xe9A\x18a\xf1/\xd4\xd6;P+\x7fB]\xfd\x03\xb5\xec~\xa8Qg\xa0]\xdb\x0b\xed\xd9:\x9f\x1c\x1c\x1c\xd4.\xbb\x10\x84\x10B\x08!\x84\x10B\xfc\xc5\xff\x0f\xc9\x18\x9c$2\xf5\x94\x01\x00\x00\x00\x00IEND\xaeB`\x82', 605, 606, 'character maps to <undefined>')>
Traceback (most recent call last):
  File "D:\python\moex\Moex-bot\venv\Lib\site-packages\aiogram\dispatcher\dispatcher.py", line 415, in _process_polling_updates
    for responses in itertools.chain.from_iterable(await self.process_updates(updates, fast)):
                                                   ^^^^^^^^^^^^^^^^^^^^^^^^^^^^^^^^^^^^^^^^^
  File "D:\python\moex\Moex-bot\venv\Lib\site-packages\aiogram\dispatcher\dispatcher.py", line 235, in process_updates
    return await asyncio.gather(*tasks)
           ^^^^^^^^^^^^^^^^^^^^^^^^^^^^
  File "D:\python\moex\Moex-bot\venv\Lib\site-packages\aiogram\dispatcher\handler.py", line 117, in notify
    response = await handler_obj.handler(*args, **partial_data)
               ^^^^^^^^^^^^^^^^^^^^^^^^^^^^^^^^^^^^^^^^^^^^^^^^
  File "D:\python\moex\Moex-bot\venv\Lib\site-packages\aiogram\dispatcher\dispatcher.py", line 256, in process_update
    return await self.message_handlers.notify(update.message)
           ^^^^^^^^^^^^^^^^^^^^^^^^^^^^^^^^^^^^^^^^^^^^^^^^^^
  File "D:\python\moex\Moex-bot\venv\Lib\site-packages\aiogram\dispatcher\handler.py", line 117, in notify
    response = await handler_obj.handler(*args, **partial_data)
               ^^^^^^^^^^^^^^^^^^^^^^^^^^^^^^^^^^^^^^^^^^^^^^^^
  File "d:\python\moex\Moex-bot\moex1.py", line 83, in check_handler
    await bot.send_photo(chat_id=message.chat.id, photo=photo)
  File "D:\python\moex\Moex-bot\venv\Lib\site-packages\aiogram\bot\bot.py", line 565, in send_photo
    result = await self.request(api.Methods.SEND_PHOTO, payload, files)
             ^^^^^^^^^^^^^^^^^^^^^^^^^^^^^^^^^^^^^^^^^^^^^^^^^^^^^^^^^^
  File "D:\python\moex\Moex-bot\venv\Lib\site-packages\aiogram\bot\base.py", line 236, in request
    return await api.make_request(await self.get_session(), self.server, self.__token, method, data, files,
           ^^^^^^^^^^^^^^^^^^^^^^^^^^^^^^^^^^^^^^^^^^^^^^^^^^^^^^^^^^^^^^^^^^^^^^^^^^^^^^^^^^^^^^^^^^^^^^^^
  File "D:\python\moex\Moex-bot\venv\Lib\site-packages\aiogram\bot\api.py", line 139, in make_request
    async with session.post(url, data=req, **kwargs) as response:
  File "D:\python\moex\Moex-bot\venv\Lib\site-packages\aiohttp\client.py", line 1141, in __aenter__
    self._resp = await self._coro
                 ^^^^^^^^^^^^^^^^
  File "D:\python\moex\Moex-bot\venv\Lib\site-packages\aiohttp\client.py", line 560, in _request
    await resp.start(conn)
  File "D:\python\moex\Moex-bot\venv\Lib\site-packages\aiohttp\client_reqrep.py", line 899, in start
    message, payload = await protocol.read()  # type: ignore[union-attr]
                       ^^^^^^^^^^^^^^^^^^^^^
  File "D:\python\moex\Moex-bot\venv\Lib\site-packages\aiohttp\streams.py", line 616, in read
    await self._waiter
  File "D:\python\moex\Moex-bot\venv\Lib\site-packages\aiohttp\client_reqrep.py", line 581, in write_bytes
    await self.body.write(writer)
  File "D:\python\moex\Moex-bot\venv\Lib\site-packages\aiohttp\multipart.py", line 901, in write
    await part.write(writer)
  File "D:\python\moex\Moex-bot\venv\Lib\site-packages\aiohttp\payload.py", line 353, in write
    chunk = await loop.run_in_executor(None, self._value.read, 2**16)
            ^^^^^^^^^^^^^^^^^^^^^^^^^^^^^^^^^^^^^^^^^^^^^^^^^^^^^^^^^
  File "C:\Users\첢櫚壯抑圍AppData\Local\Programs\Python\Python311\Lib\concurrent\futures\thread.py", line 58, in run
    result = self.fn(*self.args, **self.kwargs)
             ^^^^^^^^^^^^^^^^^^^^^^^^^^^^^^^^^^
  File "C:\Users\첢櫚壯抑圍AppData\Local\Programs\Python\Python311\Lib\encodings\cp1251.py", line 23, in decode
    return codecs.charmap_decode(input,self.errors,decoding_table)[0]
           ^^^^^^^^^^^^^^^^^^^^^^^^^^^^^^^^^^^^^^^^^^^^^^^^^^^^^^^
UnicodeDecodeError: 'charmap' codec can't decode byte 0x98 in position 605: character maps to <undefined>
INFO:aiogram:Bot: Moex_security_bot [@Moex_security_bot]
INFO:aiogram.dispatcher.dispatcher:Start polling.
INFO:root:user_id=448946832 user_full_name='alex' , Sun Jan  8 21:21:38 2023 
INFO:root:user_id=448946832 user_full_name='alex' , Sun Jan  8 21:22:16 2023 
INFO:root:user_id=1511004508 user_full_name='Pavel Yastremsky' , Sun Jan  8 21:23:40 2023 
INFO:aiogram:Bot: Moex_security_bot [@Moex_security_bot]
INFO:aiogram.dispatcher.dispatcher:Start polling.
INFO:aiogram:Bot: Moex_security_bot [@Moex_security_bot]
INFO:aiogram.dispatcher.dispatcher:Start polling.
INFO:root:user_id=448946832 user_full_name='alex' , Sun Jan  8 21:42:19 2023 
INFO:root:user_id=448946832 user_full_name='alex' , Sun Jan  8 21:47:33 2023 
INFO:root:user_id=448946832 user_full_name='alex' , Sun Jan  8 21:55:53 2023 
ERROR:aiogram.dispatcher.dispatcher:Cause exception while getting updates.
Traceback (most recent call last):
  File "D:\python\moex\Moex-bot\venv\Lib\site-packages\aiogram\dispatcher\dispatcher.py", line 381, in start_polling
    updates = await self.bot.get_updates(
              ^^^^^^^^^^^^^^^^^^^^^^^^^^^
  File "D:\python\moex\Moex-bot\venv\Lib\site-packages\aiogram\bot\bot.py", line 110, in get_updates
    result = await self.request(api.Methods.GET_UPDATES, payload)
             ^^^^^^^^^^^^^^^^^^^^^^^^^^^^^^^^^^^^^^^^^^^^^^^^^^^^
  File "D:\python\moex\Moex-bot\venv\Lib\site-packages\aiogram\bot\base.py", line 236, in request
    return await api.make_request(await self.get_session(), self.server, self.__token, method, data, files,
           ^^^^^^^^^^^^^^^^^^^^^^^^^^^^^^^^^^^^^^^^^^^^^^^^^^^^^^^^^^^^^^^^^^^^^^^^^^^^^^^^^^^^^^^^^^^^^^^^
  File "D:\python\moex\Moex-bot\venv\Lib\site-packages\aiogram\bot\api.py", line 139, in make_request
    async with session.post(url, data=req, **kwargs) as response:
  File "D:\python\moex\Moex-bot\venv\Lib\site-packages\aiohttp\client.py", line 1141, in __aenter__
    self._resp = await self._coro
                 ^^^^^^^^^^^^^^^^
  File "D:\python\moex\Moex-bot\venv\Lib\site-packages\aiohttp\client.py", line 560, in _request
    await resp.start(conn)
  File "D:\python\moex\Moex-bot\venv\Lib\site-packages\aiohttp\client_reqrep.py", line 894, in start
    with self._timer:
  File "D:\python\moex\Moex-bot\venv\Lib\site-packages\aiohttp\helpers.py", line 720, in __exit__
    raise asyncio.TimeoutError from None
TimeoutError
ERROR:aiogram.dispatcher.dispatcher:Cause exception while getting updates.
Traceback (most recent call last):
  File "D:\python\moex\Moex-bot\venv\Lib\site-packages\aiohttp\connector.py", line 1152, in _create_direct_connection
    hosts = await asyncio.shield(host_resolved)
            ^^^^^^^^^^^^^^^^^^^^^^^^^^^^^^^^^^^
  File "D:\python\moex\Moex-bot\venv\Lib\site-packages\aiohttp\connector.py", line 874, in _resolve_host
    addrs = await self._resolver.resolve(host, port, family=self._family)
            ^^^^^^^^^^^^^^^^^^^^^^^^^^^^^^^^^^^^^^^^^^^^^^^^^^^^^^^^^^^^^
  File "D:\python\moex\Moex-bot\venv\Lib\site-packages\aiohttp\resolver.py", line 33, in resolve
    infos = await self._loop.getaddrinfo(
            ^^^^^^^^^^^^^^^^^^^^^^^^^^^^^
  File "C:\Users\첢櫚壯抑圍AppData\Local\Programs\Python\Python311\Lib\asyncio\base_events.py", line 867, in getaddrinfo
    return await self.run_in_executor(
           ^^^^^^^^^^^^^^^^^^^^^^^^^^^
  File "C:\Users\첢櫚壯抑圍AppData\Local\Programs\Python\Python311\Lib\concurrent\futures\thread.py", line 58, in run
    result = self.fn(*self.args, **self.kwargs)
             ^^^^^^^^^^^^^^^^^^^^^^^^^^^^^^^^^^
  File "C:\Users\첢櫚壯抑圍AppData\Local\Programs\Python\Python311\Lib\socket.py", line 962, in getaddrinfo
    for res in _socket.getaddrinfo(host, port, family, type, proto, flags):
               ^^^^^^^^^^^^^^^^^^^^^^^^^^^^^^^^^^^^^^^^^^^^^^^^^^^^^^^^^^^
socket.gaierror: [Errno 11001] getaddrinfo failed

The above exception was the direct cause of the following exception:

Traceback (most recent call last):
  File "D:\python\moex\Moex-bot\venv\Lib\site-packages\aiogram\bot\api.py", line 139, in make_request
    async with session.post(url, data=req, **kwargs) as response:
  File "D:\python\moex\Moex-bot\venv\Lib\site-packages\aiohttp\client.py", line 1141, in __aenter__
    self._resp = await self._coro
                 ^^^^^^^^^^^^^^^^
  File "D:\python\moex\Moex-bot\venv\Lib\site-packages\aiohttp\client.py", line 536, in _request
    conn = await self._connector.connect(
           ^^^^^^^^^^^^^^^^^^^^^^^^^^^^^^
  File "D:\python\moex\Moex-bot\venv\Lib\site-packages\aiohttp\connector.py", line 540, in connect
    proto = await self._create_connection(req, traces, timeout)
            ^^^^^^^^^^^^^^^^^^^^^^^^^^^^^^^^^^^^^^^^^^^^^^^^^^^
  File "D:\python\moex\Moex-bot\venv\Lib\site-packages\aiohttp\connector.py", line 901, in _create_connection
    _, proto = await self._create_direct_connection(req, traces, timeout)
               ^^^^^^^^^^^^^^^^^^^^^^^^^^^^^^^^^^^^^^^^^^^^^^^^^^^^^^^^^^
  File "D:\python\moex\Moex-bot\venv\Lib\site-packages\aiohttp\connector.py", line 1166, in _create_direct_connection
    raise ClientConnectorError(req.connection_key, exc) from exc
aiohttp.client_exceptions.ClientConnectorError: Cannot connect to host api.telegram.org:443 ssl:default [getaddrinfo failed]

During handling of the above exception, another exception occurred:

Traceback (most recent call last):
  File "D:\python\moex\Moex-bot\venv\Lib\site-packages\aiogram\dispatcher\dispatcher.py", line 381, in start_polling
    updates = await self.bot.get_updates(
              ^^^^^^^^^^^^^^^^^^^^^^^^^^^
  File "D:\python\moex\Moex-bot\venv\Lib\site-packages\aiogram\bot\bot.py", line 110, in get_updates
    result = await self.request(api.Methods.GET_UPDATES, payload)
             ^^^^^^^^^^^^^^^^^^^^^^^^^^^^^^^^^^^^^^^^^^^^^^^^^^^^
  File "D:\python\moex\Moex-bot\venv\Lib\site-packages\aiogram\bot\base.py", line 236, in request
    return await api.make_request(await self.get_session(), self.server, self.__token, method, data, files,
           ^^^^^^^^^^^^^^^^^^^^^^^^^^^^^^^^^^^^^^^^^^^^^^^^^^^^^^^^^^^^^^^^^^^^^^^^^^^^^^^^^^^^^^^^^^^^^^^^
  File "D:\python\moex\Moex-bot\venv\Lib\site-packages\aiogram\bot\api.py", line 142, in make_request
    raise exceptions.NetworkError(f"aiohttp client throws an error: {e.__class__.__name__}: {e}")
aiogram.utils.exceptions.NetworkError: Aiohttp client throws an error: ClientConnectorError: Cannot connect to host api.telegram.org:443 ssl:default [getaddrinfo failed]
INFO:root:user_id=608810165 user_full_name='Nikita' , Mon Jan  9 09:40:36 2023 
INFO:root:user_id=608810165 user_full_name='Nikita' , Mon Jan  9 09:40:36 2023 
INFO:root:user_id=593012555 user_full_name='첢蓀 췯捿嗚譽魚' , Mon Jan  9 09:40:36 2023 
INFO:root:user_id=608810165 user_full_name='Nikita' , Mon Jan  9 09:40:36 2023 
INFO:root:user_id=593012555 user_full_name='첢蓀 췯捿嗚譽魚' , Mon Jan  9 09:41:45 2023 
INFO:root:user_id=448946832 user_full_name='alex' , Mon Jan  9 09:41:45 2023 
ERROR:asyncio:Task exception was never retrieved
future: <Task finished name='Task-346' coro=<Dispatcher._process_polling_updates() done, defined at D:\python\moex\Moex-bot\venv\Lib\site-packages\aiogram\dispatcher\dispatcher.py:407> exception=NetworkError('Aiohttp client throws an error: ServerDisconnectedError: Server disconnected')>
Traceback (most recent call last):
  File "D:\python\moex\Moex-bot\venv\Lib\site-packages\aiogram\bot\api.py", line 139, in make_request
    async with session.post(url, data=req, **kwargs) as response:
  File "D:\python\moex\Moex-bot\venv\Lib\site-packages\aiohttp\client.py", line 1141, in __aenter__
    self._resp = await self._coro
                 ^^^^^^^^^^^^^^^^
  File "D:\python\moex\Moex-bot\venv\Lib\site-packages\aiohttp\client.py", line 560, in _request
    await resp.start(conn)
  File "D:\python\moex\Moex-bot\venv\Lib\site-packages\aiohttp\client_reqrep.py", line 899, in start
    message, payload = await protocol.read()  # type: ignore[union-attr]
                       ^^^^^^^^^^^^^^^^^^^^^
  File "D:\python\moex\Moex-bot\venv\Lib\site-packages\aiohttp\streams.py", line 616, in read
    await self._waiter
aiohttp.client_exceptions.ServerDisconnectedError: Server disconnected

During handling of the above exception, another exception occurred:

Traceback (most recent call last):
  File "D:\python\moex\Moex-bot\venv\Lib\site-packages\aiogram\dispatcher\dispatcher.py", line 415, in _process_polling_updates
    for responses in itertools.chain.from_iterable(await self.process_updates(updates, fast)):
                                                   ^^^^^^^^^^^^^^^^^^^^^^^^^^^^^^^^^^^^^^^^^
  File "D:\python\moex\Moex-bot\venv\Lib\site-packages\aiogram\dispatcher\dispatcher.py", line 235, in process_updates
    return await asyncio.gather(*tasks)
           ^^^^^^^^^^^^^^^^^^^^^^^^^^^^
  File "D:\python\moex\Moex-bot\venv\Lib\site-packages\aiogram\dispatcher\handler.py", line 117, in notify
    response = await handler_obj.handler(*args, **partial_data)
               ^^^^^^^^^^^^^^^^^^^^^^^^^^^^^^^^^^^^^^^^^^^^^^^^
  File "D:\python\moex\Moex-bot\venv\Lib\site-packages\aiogram\dispatcher\dispatcher.py", line 256, in process_update
    return await self.message_handlers.notify(update.message)
           ^^^^^^^^^^^^^^^^^^^^^^^^^^^^^^^^^^^^^^^^^^^^^^^^^^
  File "D:\python\moex\Moex-bot\venv\Lib\site-packages\aiogram\dispatcher\handler.py", line 117, in notify
    response = await handler_obj.handler(*args, **partial_data)
               ^^^^^^^^^^^^^^^^^^^^^^^^^^^^^^^^^^^^^^^^^^^^^^^^
  File "d:\python\moex\Moex-bot\moex1.py", line 42, in start_handler
    await message.reply(f"泣躬, {user_full_name}")
  File "D:\python\moex\Moex-bot\venv\Lib\site-packages\aiogram\types\message.py", line 1679, in reply
    return await self.bot.send_message(
           ^^^^^^^^^^^^^^^^^^^^^^^^^^^^
  File "D:\python\moex\Moex-bot\venv\Lib\site-packages\aiogram\bot\bot.py", line 346, in send_message
    result = await self.request(api.Methods.SEND_MESSAGE, payload)
             ^^^^^^^^^^^^^^^^^^^^^^^^^^^^^^^^^^^^^^^^^^^^^^^^^^^^^
  File "D:\python\moex\Moex-bot\venv\Lib\site-packages\aiogram\bot\base.py", line 236, in request
    return await api.make_request(await self.get_session(), self.server, self.__token, method, data, files,
           ^^^^^^^^^^^^^^^^^^^^^^^^^^^^^^^^^^^^^^^^^^^^^^^^^^^^^^^^^^^^^^^^^^^^^^^^^^^^^^^^^^^^^^^^^^^^^^^^
  File "D:\python\moex\Moex-bot\venv\Lib\site-packages\aiogram\bot\api.py", line 142, in make_request
    raise exceptions.NetworkError(f"aiohttp client throws an error: {e.__class__.__name__}: {e}")
aiogram.utils.exceptions.NetworkError: Aiohttp client throws an error: ServerDisconnectedError: Server disconnected
ERROR:aiogram.dispatcher.dispatcher:Cause exception while getting updates.
Traceback (most recent call last):
  File "D:\python\moex\Moex-bot\venv\Lib\site-packages\aiogram\dispatcher\dispatcher.py", line 381, in start_polling
    updates = await self.bot.get_updates(
              ^^^^^^^^^^^^^^^^^^^^^^^^^^^
  File "D:\python\moex\Moex-bot\venv\Lib\site-packages\aiogram\bot\bot.py", line 110, in get_updates
    result = await self.request(api.Methods.GET_UPDATES, payload)
             ^^^^^^^^^^^^^^^^^^^^^^^^^^^^^^^^^^^^^^^^^^^^^^^^^^^^
  File "D:\python\moex\Moex-bot\venv\Lib\site-packages\aiogram\bot\base.py", line 236, in request
    return await api.make_request(await self.get_session(), self.server, self.__token, method, data, files,
           ^^^^^^^^^^^^^^^^^^^^^^^^^^^^^^^^^^^^^^^^^^^^^^^^^^^^^^^^^^^^^^^^^^^^^^^^^^^^^^^^^^^^^^^^^^^^^^^^
  File "D:\python\moex\Moex-bot\venv\Lib\site-packages\aiogram\bot\api.py", line 139, in make_request
    async with session.post(url, data=req, **kwargs) as response:
  File "D:\python\moex\Moex-bot\venv\Lib\site-packages\aiohttp\client.py", line 1141, in __aenter__
    self._resp = await self._coro
                 ^^^^^^^^^^^^^^^^
  File "D:\python\moex\Moex-bot\venv\Lib\site-packages\aiohttp\client.py", line 560, in _request
    await resp.start(conn)
  File "D:\python\moex\Moex-bot\venv\Lib\site-packages\aiohttp\client_reqrep.py", line 894, in start
    with self._timer:
  File "D:\python\moex\Moex-bot\venv\Lib\site-packages\aiohttp\helpers.py", line 720, in __exit__
    raise asyncio.TimeoutError from None
TimeoutError
INFO:root:user_id=448946832 user_full_name='alex' , Mon Jan  9 09:59:43 2023 
INFO:root:user_id=448946832 user_full_name='alex' , Mon Jan  9 13:29:52 2023 
INFO:aiogram:Bot: Moex_security_bot [@Moex_security_bot]
INFO:aiogram.dispatcher.dispatcher:Start polling.
INFO:root:user_id=448946832 user_full_name='alex' , Mon Jan  9 19:16:19 2023 
INFO:aiogram:Bot: Moex_security_bot [@Moex_security_bot]
INFO:aiogram.dispatcher.dispatcher:Start polling.
INFO:root:user_id=448946832 user_full_name='alex' , Mon Jan  9 19:17:15 2023 
INFO:aiogram:Bot: Moex_security_bot [@Moex_security_bot]
INFO:aiogram.dispatcher.dispatcher:Start polling.
INFO:root:user_id=448946832 user_full_name='alex' , Mon Jan  9 19:18:15 2023 
INFO:aiogram:Bot: Moex_security_bot [@Moex_security_bot]
INFO:aiogram.dispatcher.dispatcher:Start polling.
INFO:root:user_id=448946832 user_full_name='alex' , Mon Jan  9 19:18:48 2023 
INFO:aiogram:Bot: Moex_security_bot [@Moex_security_bot]
INFO:aiogram.dispatcher.dispatcher:Start polling.
INFO:root:user_id=448946832 user_full_name='alex' , Mon Jan  9 19:19:31 2023 
INFO:aiogram:Bot: Moex_security_bot [@Moex_security_bot]
INFO:aiogram.dispatcher.dispatcher:Start polling.
INFO:root:user_id=448946832 user_full_name='alex' , Mon Jan  9 19:20:14 2023 
INFO:root:user_id=448946832 user_full_name='alex' , Mon Jan  9 19:20:55 2023 
INFO:root:user_id=448946832 user_full_name='alex' , Mon Jan  9 19:21:24 2023 
INFO:aiogram:Bot: Moex_security_bot [@Moex_security_bot]
INFO:aiogram.dispatcher.dispatcher:Start polling.
INFO:root:user_id=448946832 user_full_name='alex' , Mon Jan  9 19:22:08 2023 
INFO:root:user_id=448946832 user_full_name='alex' , Mon Jan  9 19:24:07 2023 
INFO:root:user_id=448946832 user_full_name='alex' , Mon Jan  9 19:24:16 2023 
INFO:root:user_id=448946832 user_full_name='alex' , Mon Jan  9 19:27:47 2023 
INFO:root:user_id=448946832 user_full_name='alex' , Mon Jan  9 19:32:19 2023 
INFO:aiogram:Bot: Moex_security_bot [@Moex_security_bot]
INFO:aiogram.dispatcher.dispatcher:Start polling.
INFO:root:user_id=448946832 user_full_name='alex' , Mon Jan  9 19:34:33 2023 
INFO:root:user_id=448946832 user_full_name='alex' , Mon Jan  9 19:39:45 2023 
INFO:root:user_id=448946832 user_full_name='alex' , Mon Jan  9 19:52:38 2023 
INFO:root:user_id=448946832 user_full_name='alex' , Mon Jan  9 20:00:02 2023 
INFO:root:user_id=1080877066 user_full_name='파sha Lav' , Mon Jan  9 20:11:49 2023 
INFO:root:user_id=1080877066 user_full_name='파sha Lav' , Mon Jan  9 20:12:22 2023 
INFO:aiogram:Bot: Moex_security_bot [@Moex_security_bot]
INFO:aiogram.dispatcher.dispatcher:Start polling.
INFO:root:user_id=448946832 user_full_name='alex' , Mon Jan  9 20:50:21 2023 
INFO:root:user_id=448946832 user_full_name='alex' , Mon Jan  9 22:07:53 2023 
INFO:root:user_id=448946832 user_full_name='alex' , Mon Jan  9 22:58:08 2023 
INFO:root:user_id=448946832 user_full_name='alex' , Mon Jan  9 22:59:06 2023 
INFO:root:user_id=448946832 user_full_name='alex' , Mon Jan  9 23:23:49 2023 
ERROR:aiogram.dispatcher.dispatcher:Cause exception while getting updates.
Traceback (most recent call last):
  File "D:\python\moex\Moex-bot\venv\Lib\site-packages\aiogram\dispatcher\dispatcher.py", line 381, in start_polling
    updates = await self.bot.get_updates(
              ^^^^^^^^^^^^^^^^^^^^^^^^^^^
  File "D:\python\moex\Moex-bot\venv\Lib\site-packages\aiogram\bot\bot.py", line 110, in get_updates
    result = await self.request(api.Methods.GET_UPDATES, payload)
             ^^^^^^^^^^^^^^^^^^^^^^^^^^^^^^^^^^^^^^^^^^^^^^^^^^^^
  File "D:\python\moex\Moex-bot\venv\Lib\site-packages\aiogram\bot\base.py", line 236, in request
    return await api.make_request(await self.get_session(), self.server, self.__token, method, data, files,
           ^^^^^^^^^^^^^^^^^^^^^^^^^^^^^^^^^^^^^^^^^^^^^^^^^^^^^^^^^^^^^^^^^^^^^^^^^^^^^^^^^^^^^^^^^^^^^^^^
  File "D:\python\moex\Moex-bot\venv\Lib\site-packages\aiogram\bot\api.py", line 139, in make_request
    async with session.post(url, data=req, **kwargs) as response:
  File "D:\python\moex\Moex-bot\venv\Lib\site-packages\aiohttp\client.py", line 1141, in __aenter__
    self._resp = await self._coro
                 ^^^^^^^^^^^^^^^^
  File "D:\python\moex\Moex-bot\venv\Lib\site-packages\aiohttp\client.py", line 560, in _request
    await resp.start(conn)
  File "D:\python\moex\Moex-bot\venv\Lib\site-packages\aiohttp\client_reqrep.py", line 894, in start
    with self._timer:
  File "D:\python\moex\Moex-bot\venv\Lib\site-packages\aiohttp\helpers.py", line 720, in __exit__
    raise asyncio.TimeoutError from None
TimeoutError
ERROR:aiogram.dispatcher.dispatcher:Cause exception while getting updates.
Traceback (most recent call last):
  File "D:\python\moex\Moex-bot\venv\Lib\site-packages\aiohttp\connector.py", line 1152, in _create_direct_connection
    hosts = await asyncio.shield(host_resolved)
            ^^^^^^^^^^^^^^^^^^^^^^^^^^^^^^^^^^^
  File "D:\python\moex\Moex-bot\venv\Lib\site-packages\aiohttp\connector.py", line 874, in _resolve_host
    addrs = await self._resolver.resolve(host, port, family=self._family)
            ^^^^^^^^^^^^^^^^^^^^^^^^^^^^^^^^^^^^^^^^^^^^^^^^^^^^^^^^^^^^^
  File "D:\python\moex\Moex-bot\venv\Lib\site-packages\aiohttp\resolver.py", line 33, in resolve
    infos = await self._loop.getaddrinfo(
            ^^^^^^^^^^^^^^^^^^^^^^^^^^^^^
  File "C:\Users\첢櫚壯抑圍AppData\Local\Programs\Python\Python311\Lib\asyncio\base_events.py", line 867, in getaddrinfo
    return await self.run_in_executor(
           ^^^^^^^^^^^^^^^^^^^^^^^^^^^
  File "C:\Users\첢櫚壯抑圍AppData\Local\Programs\Python\Python311\Lib\concurrent\futures\thread.py", line 58, in run
    result = self.fn(*self.args, **self.kwargs)
             ^^^^^^^^^^^^^^^^^^^^^^^^^^^^^^^^^^
  File "C:\Users\첢櫚壯抑圍AppData\Local\Programs\Python\Python311\Lib\socket.py", line 962, in getaddrinfo
    for res in _socket.getaddrinfo(host, port, family, type, proto, flags):
               ^^^^^^^^^^^^^^^^^^^^^^^^^^^^^^^^^^^^^^^^^^^^^^^^^^^^^^^^^^^
socket.gaierror: [Errno 11001] getaddrinfo failed

The above exception was the direct cause of the following exception:

Traceback (most recent call last):
  File "D:\python\moex\Moex-bot\venv\Lib\site-packages\aiogram\bot\api.py", line 139, in make_request
    async with session.post(url, data=req, **kwargs) as response:
  File "D:\python\moex\Moex-bot\venv\Lib\site-packages\aiohttp\client.py", line 1141, in __aenter__
    self._resp = await self._coro
                 ^^^^^^^^^^^^^^^^
  File "D:\python\moex\Moex-bot\venv\Lib\site-packages\aiohttp\client.py", line 536, in _request
    conn = await self._connector.connect(
           ^^^^^^^^^^^^^^^^^^^^^^^^^^^^^^
  File "D:\python\moex\Moex-bot\venv\Lib\site-packages\aiohttp\connector.py", line 540, in connect
    proto = await self._create_connection(req, traces, timeout)
            ^^^^^^^^^^^^^^^^^^^^^^^^^^^^^^^^^^^^^^^^^^^^^^^^^^^
  File "D:\python\moex\Moex-bot\venv\Lib\site-packages\aiohttp\connector.py", line 901, in _create_connection
    _, proto = await self._create_direct_connection(req, traces, timeout)
               ^^^^^^^^^^^^^^^^^^^^^^^^^^^^^^^^^^^^^^^^^^^^^^^^^^^^^^^^^^
  File "D:\python\moex\Moex-bot\venv\Lib\site-packages\aiohttp\connector.py", line 1166, in _create_direct_connection
    raise ClientConnectorError(req.connection_key, exc) from exc
aiohttp.client_exceptions.ClientConnectorError: Cannot connect to host api.telegram.org:443 ssl:default [getaddrinfo failed]

During handling of the above exception, another exception occurred:

Traceback (most recent call last):
  File "D:\python\moex\Moex-bot\venv\Lib\site-packages\aiogram\dispatcher\dispatcher.py", line 381, in start_polling
    updates = await self.bot.get_updates(
              ^^^^^^^^^^^^^^^^^^^^^^^^^^^
  File "D:\python\moex\Moex-bot\venv\Lib\site-packages\aiogram\bot\bot.py", line 110, in get_updates
    result = await self.request(api.Methods.GET_UPDATES, payload)
             ^^^^^^^^^^^^^^^^^^^^^^^^^^^^^^^^^^^^^^^^^^^^^^^^^^^^
  File "D:\python\moex\Moex-bot\venv\Lib\site-packages\aiogram\bot\base.py", line 236, in request
    return await api.make_request(await self.get_session(), self.server, self.__token, method, data, files,
           ^^^^^^^^^^^^^^^^^^^^^^^^^^^^^^^^^^^^^^^^^^^^^^^^^^^^^^^^^^^^^^^^^^^^^^^^^^^^^^^^^^^^^^^^^^^^^^^^
  File "D:\python\moex\Moex-bot\venv\Lib\site-packages\aiogram\bot\api.py", line 142, in make_request
    raise exceptions.NetworkError(f"aiohttp client throws an error: {e.__class__.__name__}: {e}")
aiogram.utils.exceptions.NetworkError: Aiohttp client throws an error: ClientConnectorError: Cannot connect to host api.telegram.org:443 ssl:default [getaddrinfo failed]
INFO:root:user_id=306664608 user_full_name='Artem Ignatov' , Tue Jan 10 10:35:05 2023 
INFO:root:user_id=448946832 user_full_name='alex' , Tue Jan 10 10:35:05 2023 
INFO:root:user_id=694925571 user_full_name='Natalie' , Tue Jan 10 10:35:05 2023 
INFO:root:user_id=448946832 user_full_name='alex' , Tue Jan 10 10:35:05 2023 
INFO:root:user_id=448946832 user_full_name='alex' , Tue Jan 10 10:57:36 2023 
INFO:root:user_id=448946832 user_full_name='alex' , Tue Jan 10 11:15:10 2023 
INFO:root:user_id=154925258 user_full_name='Pavel' , Tue Jan 10 11:16:51 2023 
